# API Log File - Telegram API calls and technical logs
2025-08-31 23:41:15,204 - httpx - INFO - HTTP Request: POST https://api.telegram.org/bot8331497512:AAGQsIdxkjHvTyIWZRve6b1qd9IC-L1dqRc/getMe "HTTP/1.1 200 OK"
2025-08-31 23:41:15,389 - httpx - INFO - HTTP Request: POST https://api.telegram.org/bot8331497512:AAGQsIdxkjHvTyIWZRve6b1qd9IC-L1dqRc/deleteWebhook "HTTP/1.1 200 OK"
2025-08-31 23:41:26,074 - httpx - INFO - HTTP Request: POST https://api.telegram.org/bot8331497512:AAGQsIdxkjHvTyIWZRve6b1qd9IC-L1dqRc/getUpdates "HTTP/1.1 200 OK"
2025-08-31 23:41:33,989 - httpx - INFO - HTTP Request: POST https://api.telegram.org/bot8331497512:AAGQsIdxkjHvTyIWZRve6b1qd9IC-L1dqRc/getUpdates "HTTP/1.1 200 OK"
2025-08-31 23:41:34,732 - httpx - INFO - HTTP Request: POST https://api.telegram.org/bot8331497512:AAGQsIdxkjHvTyIWZRve6b1qd9IC-L1dqRc/sendMessage "HTTP/1.1 200 OK"
2025-08-31 23:41:44,184 - httpx - INFO - HTTP Request: POST https://api.telegram.org/bot8331497512:AAGQsIdxkjHvTyIWZRve6b1qd9IC-L1dqRc/getUpdates "HTTP/1.1 200 OK"
2025-08-31 23:41:54,374 - httpx - INFO - HTTP Request: POST https://api.telegram.org/bot8331497512:AAGQsIdxkjHvTyIWZRve6b1qd9IC-L1dqRc/getUpdates "HTTP/1.1 200 OK"
2025-08-31 23:42:04,565 - httpx - INFO - HTTP Request: POST https://api.telegram.org/bot8331497512:AAGQsIdxkjHvTyIWZRve6b1qd9IC-L1dqRc/getUpdates "HTTP/1.1 200 OK"
2025-08-31 23:42:14,755 - httpx - INFO - HTTP Request: POST https://api.telegram.org/bot8331497512:AAGQsIdxkjHvTyIWZRve6b1qd9IC-L1dqRc/getUpdates "HTTP/1.1 200 OK"
2025-08-31 23:42:24,944 - httpx - INFO - HTTP Request: POST https://api.telegram.org/bot8331497512:AAGQsIdxkjHvTyIWZRve6b1qd9IC-L1dqRc/getUpdates "HTTP/1.1 200 OK"
2025-08-31 23:42:35,133 - httpx - INFO - HTTP Request: POST https://api.telegram.org/bot8331497512:AAGQsIdxkjHvTyIWZRve6b1qd9IC-L1dqRc/getUpdates "HTTP/1.1 200 OK"
2025-08-31 23:42:45,322 - httpx - INFO - HTTP Request: POST https://api.telegram.org/bot8331497512:AAGQsIdxkjHvTyIWZRve6b1qd9IC-L1dqRc/getUpdates "HTTP/1.1 200 OK"
2025-08-31 23:42:55,513 - httpx - INFO - HTTP Request: POST https://api.telegram.org/bot8331497512:AAGQsIdxkjHvTyIWZRve6b1qd9IC-L1dqRc/getUpdates "HTTP/1.1 200 OK"
2025-08-31 23:43:05,704 - httpx - INFO - HTTP Request: POST https://api.telegram.org/bot8331497512:AAGQsIdxkjHvTyIWZRve6b1qd9IC-L1dqRc/getUpdates "HTTP/1.1 200 OK"
2025-08-31 23:43:15,268 - httpx - INFO - HTTP Request: POST https://api.telegram.org/bot8331497512:AAGQsIdxkjHvTyIWZRve6b1qd9IC-L1dqRc/getMe "HTTP/1.1 200 OK"
2025-08-31 23:43:15,457 - httpx - INFO - HTTP Request: POST https://api.telegram.org/bot8331497512:AAGQsIdxkjHvTyIWZRve6b1qd9IC-L1dqRc/deleteWebhook "HTTP/1.1 200 OK"
2025-08-31 23:43:23,622 - httpx - INFO - HTTP Request: POST https://api.telegram.org/bot8331497512:AAGQsIdxkjHvTyIWZRve6b1qd9IC-L1dqRc/getUpdates "HTTP/1.1 200 OK"
2025-08-31 23:43:24,302 - httpx - INFO - HTTP Request: POST https://api.telegram.org/bot8331497512:AAGQsIdxkjHvTyIWZRve6b1qd9IC-L1dqRc/sendMessage "HTTP/1.1 200 OK"
2025-08-31 23:43:33,810 - httpx - INFO - HTTP Request: POST https://api.telegram.org/bot8331497512:AAGQsIdxkjHvTyIWZRve6b1qd9IC-L1dqRc/getUpdates "HTTP/1.1 200 OK"
2025-08-31 23:43:37,734 - httpx - INFO - HTTP Request: POST https://api.telegram.org/bot8331497512:AAGQsIdxkjHvTyIWZRve6b1qd9IC-L1dqRc/getUpdates "HTTP/1.1 200 OK"
2025-08-31 23:43:38,457 - httpx - INFO - HTTP Request: POST https://api.telegram.org/bot8331497512:AAGQsIdxkjHvTyIWZRve6b1qd9IC-L1dqRc/sendMessage "HTTP/1.1 200 OK"
2025-08-31 23:43:45,238 - httpx - INFO - HTTP Request: POST https://api.telegram.org/bot8331497512:AAGQsIdxkjHvTyIWZRve6b1qd9IC-L1dqRc/getUpdates "HTTP/1.1 200 OK"
2025-08-31 23:43:45,938 - httpx - INFO - HTTP Request: POST https://api.telegram.org/bot8331497512:AAGQsIdxkjHvTyIWZRve6b1qd9IC-L1dqRc/sendMessage "HTTP/1.1 200 OK"
2025-08-31 23:43:55,427 - httpx - INFO - HTTP Request: POST https://api.telegram.org/bot8331497512:AAGQsIdxkjHvTyIWZRve6b1qd9IC-L1dqRc/getUpdates "HTTP/1.1 200 OK"
2025-08-31 23:44:02,786 - httpx - INFO - HTTP Request: POST https://api.telegram.org/bot8331497512:AAGQsIdxkjHvTyIWZRve6b1qd9IC-L1dqRc/getUpdates "HTTP/1.1 200 OK"
2025-08-31 23:44:03,549 - httpx - INFO - HTTP Request: POST https://api.telegram.org/bot8331497512:AAGQsIdxkjHvTyIWZRve6b1qd9IC-L1dqRc/sendMessage "HTTP/1.1 200 OK"
2025-08-31 23:44:10,842 - httpx - INFO - HTTP Request: POST https://api.telegram.org/bot8331497512:AAGQsIdxkjHvTyIWZRve6b1qd9IC-L1dqRc/getUpdates "HTTP/1.1 200 OK"
2025-08-31 23:44:11,663 - httpx - INFO - HTTP Request: POST https://api.telegram.org/bot8331497512:AAGQsIdxkjHvTyIWZRve6b1qd9IC-L1dqRc/sendMessage "HTTP/1.1 200 OK"
2025-08-31 23:44:21,031 - httpx - INFO - HTTP Request: POST https://api.telegram.org/bot8331497512:AAGQsIdxkjHvTyIWZRve6b1qd9IC-L1dqRc/getUpdates "HTTP/1.1 200 OK"
2025-08-31 23:44:31,221 - httpx - INFO - HTTP Request: POST https://api.telegram.org/bot8331497512:AAGQsIdxkjHvTyIWZRve6b1qd9IC-L1dqRc/getUpdates "HTTP/1.1 200 OK"
2025-08-31 23:44:41,410 - httpx - INFO - HTTP Request: POST https://api.telegram.org/bot8331497512:AAGQsIdxkjHvTyIWZRve6b1qd9IC-L1dqRc/getUpdates "HTTP/1.1 200 OK"
2025-08-31 23:44:51,598 - httpx - INFO - HTTP Request: POST https://api.telegram.org/bot8331497512:AAGQsIdxkjHvTyIWZRve6b1qd9IC-L1dqRc/getUpdates "HTTP/1.1 200 OK"
2025-08-31 23:45:01,787 - httpx - INFO - HTTP Request: POST https://api.telegram.org/bot8331497512:AAGQsIdxkjHvTyIWZRve6b1qd9IC-L1dqRc/getUpdates "HTTP/1.1 200 OK"
2025-08-31 23:45:11,980 - httpx - INFO - HTTP Request: POST https://api.telegram.org/bot8331497512:AAGQsIdxkjHvTyIWZRve6b1qd9IC-L1dqRc/getUpdates "HTTP/1.1 200 OK"
2025-08-31 23:45:22,168 - httpx - INFO - HTTP Request: POST https://api.telegram.org/bot8331497512:AAGQsIdxkjHvTyIWZRve6b1qd9IC-L1dqRc/getUpdates "HTTP/1.1 200 OK"
2025-08-31 23:45:32,358 - httpx - INFO - HTTP Request: POST https://api.telegram.org/bot8331497512:AAGQsIdxkjHvTyIWZRve6b1qd9IC-L1dqRc/getUpdates "HTTP/1.1 200 OK"
2025-08-31 23:45:42,553 - httpx - INFO - HTTP Request: POST https://api.telegram.org/bot8331497512:AAGQsIdxkjHvTyIWZRve6b1qd9IC-L1dqRc/getUpdates "HTTP/1.1 200 OK"
2025-08-31 23:45:52,741 - httpx - INFO - HTTP Request: POST https://api.telegram.org/bot8331497512:AAGQsIdxkjHvTyIWZRve6b1qd9IC-L1dqRc/getUpdates "HTTP/1.1 200 OK"
2025-08-31 23:46:02,930 - httpx - INFO - HTTP Request: POST https://api.telegram.org/bot8331497512:AAGQsIdxkjHvTyIWZRve6b1qd9IC-L1dqRc/getUpdates "HTTP/1.1 200 OK"
2025-08-31 23:46:13,121 - httpx - INFO - HTTP Request: POST https://api.telegram.org/bot8331497512:AAGQsIdxkjHvTyIWZRve6b1qd9IC-L1dqRc/getUpdates "HTTP/1.1 200 OK"
2025-08-31 23:46:23,309 - httpx - INFO - HTTP Request: POST https://api.telegram.org/bot8331497512:AAGQsIdxkjHvTyIWZRve6b1qd9IC-L1dqRc/getUpdates "HTTP/1.1 200 OK"
2025-08-31 23:46:38,151 - httpx - INFO - HTTP Request: POST https://api.telegram.org/bot8331497512:AAGQsIdxkjHvTyIWZRve6b1qd9IC-L1dqRc/getMe "HTTP/1.1 200 OK"
2025-08-31 23:46:38,334 - httpx - INFO - HTTP Request: POST https://api.telegram.org/bot8331497512:AAGQsIdxkjHvTyIWZRve6b1qd9IC-L1dqRc/deleteWebhook "HTTP/1.1 200 OK"
2025-08-31 23:46:41,884 - httpx - INFO - HTTP Request: POST https://api.telegram.org/bot8331497512:AAGQsIdxkjHvTyIWZRve6b1qd9IC-L1dqRc/getUpdates "HTTP/1.1 200 OK"
2025-08-31 23:46:42,100 - httpx - INFO - HTTP Request: POST https://api.telegram.org/bot8331497512:AAGQsIdxkjHvTyIWZRve6b1qd9IC-L1dqRc/sendMessage "HTTP/1.1 200 OK"
2025-08-31 23:46:45,580 - httpx - INFO - HTTP Request: POST https://api.telegram.org/bot8331497512:AAGQsIdxkjHvTyIWZRve6b1qd9IC-L1dqRc/getUpdates "HTTP/1.1 200 OK"
2025-08-31 23:46:45,797 - httpx - INFO - HTTP Request: POST https://api.telegram.org/bot8331497512:AAGQsIdxkjHvTyIWZRve6b1qd9IC-L1dqRc/sendMessage "HTTP/1.1 200 OK"
2025-08-31 23:46:51,174 - httpx - INFO - HTTP Request: POST https://api.telegram.org/bot8331497512:AAGQsIdxkjHvTyIWZRve6b1qd9IC-L1dqRc/getUpdates "HTTP/1.1 200 OK"
2025-08-31 23:46:52,017 - httpx - INFO - HTTP Request: POST https://api.telegram.org/bot8331497512:AAGQsIdxkjHvTyIWZRve6b1qd9IC-L1dqRc/sendMessage "HTTP/1.1 200 OK"
2025-08-31 23:46:57,563 - httpx - INFO - HTTP Request: POST https://api.telegram.org/bot8331497512:AAGQsIdxkjHvTyIWZRve6b1qd9IC-L1dqRc/getUpdates "HTTP/1.1 200 OK"
2025-08-31 23:46:58,267 - httpx - INFO - HTTP Request: POST https://api.telegram.org/bot8331497512:AAGQsIdxkjHvTyIWZRve6b1qd9IC-L1dqRc/answerCallbackQuery "HTTP/1.1 200 OK"
2025-08-31 23:46:58,480 - httpx - INFO - HTTP Request: POST https://api.telegram.org/bot8331497512:AAGQsIdxkjHvTyIWZRve6b1qd9IC-L1dqRc/editMessageText "HTTP/1.1 200 OK"
2025-08-31 23:47:02,236 - httpx - INFO - HTTP Request: POST https://api.telegram.org/bot8331497512:AAGQsIdxkjHvTyIWZRve6b1qd9IC-L1dqRc/getUpdates "HTTP/1.1 200 OK"
2025-08-31 23:47:02,474 - httpx - INFO - HTTP Request: POST https://api.telegram.org/bot8331497512:AAGQsIdxkjHvTyIWZRve6b1qd9IC-L1dqRc/sendMessage "HTTP/1.1 200 OK"
2025-08-31 23:47:12,450 - httpx - INFO - HTTP Request: POST https://api.telegram.org/bot8331497512:AAGQsIdxkjHvTyIWZRve6b1qd9IC-L1dqRc/getUpdates "HTTP/1.1 200 OK"
2025-08-31 23:47:12,701 - httpx - INFO - HTTP Request: POST https://api.telegram.org/bot8331497512:AAGQsIdxkjHvTyIWZRve6b1qd9IC-L1dqRc/getUpdates "HTTP/1.1 200 OK"
2025-08-31 23:47:13,493 - httpx - INFO - HTTP Request: POST https://api.telegram.org/bot8331497512:AAGQsIdxkjHvTyIWZRve6b1qd9IC-L1dqRc/answerCallbackQuery "HTTP/1.1 200 OK"
2025-08-31 23:47:18,508 - httpx - INFO - HTTP Request: POST https://api.telegram.org/bot8331497512:AAGQsIdxkjHvTyIWZRve6b1qd9IC-L1dqRc/getUpdates "HTTP/1.1 200 OK"
2025-08-31 23:47:19,185 - httpx - INFO - HTTP Request: POST https://api.telegram.org/bot8331497512:AAGQsIdxkjHvTyIWZRve6b1qd9IC-L1dqRc/answerCallbackQuery "HTTP/1.1 200 OK"
2025-08-31 23:47:28,719 - httpx - INFO - HTTP Request: POST https://api.telegram.org/bot8331497512:AAGQsIdxkjHvTyIWZRve6b1qd9IC-L1dqRc/getUpdates "HTTP/1.1 200 OK"
2025-08-31 23:47:38,928 - httpx - INFO - HTTP Request: POST https://api.telegram.org/bot8331497512:AAGQsIdxkjHvTyIWZRve6b1qd9IC-L1dqRc/getUpdates "HTTP/1.1 200 OK"
2025-08-31 23:47:54,060 - httpx - INFO - HTTP Request: POST https://api.telegram.org/bot8331497512:AAGQsIdxkjHvTyIWZRve6b1qd9IC-L1dqRc/getMe "HTTP/1.1 200 OK"
2025-08-31 23:47:54,232 - httpx - INFO - HTTP Request: POST https://api.telegram.org/bot8331497512:AAGQsIdxkjHvTyIWZRve6b1qd9IC-L1dqRc/deleteWebhook "HTTP/1.1 200 OK"
2025-08-31 23:47:59,542 - httpx - INFO - HTTP Request: POST https://api.telegram.org/bot8331497512:AAGQsIdxkjHvTyIWZRve6b1qd9IC-L1dqRc/getUpdates "HTTP/1.1 200 OK"
2025-08-31 23:48:00,311 - httpx - INFO - HTTP Request: POST https://api.telegram.org/bot8331497512:AAGQsIdxkjHvTyIWZRve6b1qd9IC-L1dqRc/sendMessage "HTTP/1.1 200 OK"
2025-08-31 23:48:02,205 - httpx - INFO - HTTP Request: POST https://api.telegram.org/bot8331497512:AAGQsIdxkjHvTyIWZRve6b1qd9IC-L1dqRc/getUpdates "HTTP/1.1 200 OK"
2025-08-31 23:48:02,406 - httpx - INFO - HTTP Request: POST https://api.telegram.org/bot8331497512:AAGQsIdxkjHvTyIWZRve6b1qd9IC-L1dqRc/answerCallbackQuery "HTTP/1.1 200 OK"
2025-08-31 23:48:02,618 - httpx - INFO - HTTP Request: POST https://api.telegram.org/bot8331497512:AAGQsIdxkjHvTyIWZRve6b1qd9IC-L1dqRc/editMessageText "HTTP/1.1 200 OK"
2025-08-31 23:48:12,221 - httpx - INFO - HTTP Request: POST https://api.telegram.org/bot8331497512:AAGQsIdxkjHvTyIWZRve6b1qd9IC-L1dqRc/getUpdates "HTTP/1.1 200 OK"
2025-08-31 23:48:12,869 - httpx - INFO - HTTP Request: POST https://api.telegram.org/bot8331497512:AAGQsIdxkjHvTyIWZRve6b1qd9IC-L1dqRc/answerCallbackQuery "HTTP/1.1 200 OK"
2025-08-31 23:48:13,066 - httpx - INFO - HTTP Request: POST https://api.telegram.org/bot8331497512:AAGQsIdxkjHvTyIWZRve6b1qd9IC-L1dqRc/editMessageText "HTTP/1.1 200 OK"
2025-08-31 23:48:16,108 - httpx - INFO - HTTP Request: POST https://api.telegram.org/bot8331497512:AAGQsIdxkjHvTyIWZRve6b1qd9IC-L1dqRc/getUpdates "HTTP/1.1 200 OK"
2025-08-31 23:48:16,304 - httpx - INFO - HTTP Request: POST https://api.telegram.org/bot8331497512:AAGQsIdxkjHvTyIWZRve6b1qd9IC-L1dqRc/answerCallbackQuery "HTTP/1.1 200 OK"
2025-08-31 23:48:16,504 - httpx - INFO - HTTP Request: POST https://api.telegram.org/bot8331497512:AAGQsIdxkjHvTyIWZRve6b1qd9IC-L1dqRc/editMessageText "HTTP/1.1 200 OK"
2025-08-31 23:48:26,298 - httpx - INFO - HTTP Request: POST https://api.telegram.org/bot8331497512:AAGQsIdxkjHvTyIWZRve6b1qd9IC-L1dqRc/getUpdates "HTTP/1.1 200 OK"
2025-08-31 23:48:27,112 - httpx - INFO - HTTP Request: POST https://api.telegram.org/bot8331497512:AAGQsIdxkjHvTyIWZRve6b1qd9IC-L1dqRc/getUpdates "HTTP/1.1 200 OK"
2025-08-31 23:48:27,790 - httpx - INFO - HTTP Request: POST https://api.telegram.org/bot8331497512:AAGQsIdxkjHvTyIWZRve6b1qd9IC-L1dqRc/sendMessage "HTTP/1.1 200 OK"
2025-08-31 23:48:29,985 - httpx - INFO - HTTP Request: POST https://api.telegram.org/bot8331497512:AAGQsIdxkjHvTyIWZRve6b1qd9IC-L1dqRc/getUpdates "HTTP/1.1 200 OK"
2025-08-31 23:48:30,191 - httpx - INFO - HTTP Request: POST https://api.telegram.org/bot8331497512:AAGQsIdxkjHvTyIWZRve6b1qd9IC-L1dqRc/answerCallbackQuery "HTTP/1.1 200 OK"
2025-08-31 23:48:30,386 - httpx - INFO - HTTP Request: POST https://api.telegram.org/bot8331497512:AAGQsIdxkjHvTyIWZRve6b1qd9IC-L1dqRc/editMessageText "HTTP/1.1 200 OK"
2025-08-31 23:48:35,611 - httpx - INFO - HTTP Request: POST https://api.telegram.org/bot8331497512:AAGQsIdxkjHvTyIWZRve6b1qd9IC-L1dqRc/getUpdates "HTTP/1.1 200 OK"
2025-08-31 23:48:36,340 - httpx - INFO - HTTP Request: POST https://api.telegram.org/bot8331497512:AAGQsIdxkjHvTyIWZRve6b1qd9IC-L1dqRc/answerCallbackQuery "HTTP/1.1 200 OK"
2025-08-31 23:48:36,557 - httpx - INFO - HTTP Request: POST https://api.telegram.org/bot8331497512:AAGQsIdxkjHvTyIWZRve6b1qd9IC-L1dqRc/editMessageText "HTTP/1.1 200 OK"
2025-08-31 23:48:45,807 - httpx - INFO - HTTP Request: POST https://api.telegram.org/bot8331497512:AAGQsIdxkjHvTyIWZRve6b1qd9IC-L1dqRc/getUpdates "HTTP/1.1 200 OK"
2025-08-31 23:48:55,999 - httpx - INFO - HTTP Request: POST https://api.telegram.org/bot8331497512:AAGQsIdxkjHvTyIWZRve6b1qd9IC-L1dqRc/getUpdates "HTTP/1.1 200 OK"
2025-08-31 23:49:06,187 - httpx - INFO - HTTP Request: POST https://api.telegram.org/bot8331497512:AAGQsIdxkjHvTyIWZRve6b1qd9IC-L1dqRc/getUpdates "HTTP/1.1 200 OK"
2025-08-31 23:49:16,376 - httpx - INFO - HTTP Request: POST https://api.telegram.org/bot8331497512:AAGQsIdxkjHvTyIWZRve6b1qd9IC-L1dqRc/getUpdates "HTTP/1.1 200 OK"
2025-08-31 23:49:26,565 - httpx - INFO - HTTP Request: POST https://api.telegram.org/bot8331497512:AAGQsIdxkjHvTyIWZRve6b1qd9IC-L1dqRc/getUpdates "HTTP/1.1 200 OK"
2025-08-31 23:49:36,753 - httpx - INFO - HTTP Request: POST https://api.telegram.org/bot8331497512:AAGQsIdxkjHvTyIWZRve6b1qd9IC-L1dqRc/getUpdates "HTTP/1.1 200 OK"
2025-08-31 23:49:46,940 - httpx - INFO - HTTP Request: POST https://api.telegram.org/bot8331497512:AAGQsIdxkjHvTyIWZRve6b1qd9IC-L1dqRc/getUpdates "HTTP/1.1 200 OK"
2025-08-31 23:49:57,131 - httpx - INFO - HTTP Request: POST https://api.telegram.org/bot8331497512:AAGQsIdxkjHvTyIWZRve6b1qd9IC-L1dqRc/getUpdates "HTTP/1.1 200 OK"
2025-08-31 23:50:07,321 - httpx - INFO - HTTP Request: POST https://api.telegram.org/bot8331497512:AAGQsIdxkjHvTyIWZRve6b1qd9IC-L1dqRc/getUpdates "HTTP/1.1 200 OK"
2025-08-31 23:50:17,508 - httpx - INFO - HTTP Request: POST https://api.telegram.org/bot8331497512:AAGQsIdxkjHvTyIWZRve6b1qd9IC-L1dqRc/getUpdates "HTTP/1.1 200 OK"
2025-08-31 23:50:27,696 - httpx - INFO - HTTP Request: POST https://api.telegram.org/bot8331497512:AAGQsIdxkjHvTyIWZRve6b1qd9IC-L1dqRc/getUpdates "HTTP/1.1 200 OK"
2025-08-31 23:50:37,886 - httpx - INFO - HTTP Request: POST https://api.telegram.org/bot8331497512:AAGQsIdxkjHvTyIWZRve6b1qd9IC-L1dqRc/getUpdates "HTTP/1.1 200 OK"
2025-08-31 23:50:48,074 - httpx - INFO - HTTP Request: POST https://api.telegram.org/bot8331497512:AAGQsIdxkjHvTyIWZRve6b1qd9IC-L1dqRc/getUpdates "HTTP/1.1 200 OK"
2025-08-31 23:50:58,270 - httpx - INFO - HTTP Request: POST https://api.telegram.org/bot8331497512:AAGQsIdxkjHvTyIWZRve6b1qd9IC-L1dqRc/getUpdates "HTTP/1.1 200 OK"
2025-08-31 23:51:13,192 - httpx - INFO - HTTP Request: POST https://api.telegram.org/bot8331497512:AAGQsIdxkjHvTyIWZRve6b1qd9IC-L1dqRc/getMe "HTTP/1.1 200 OK"
2025-08-31 23:51:13,386 - httpx - INFO - HTTP Request: POST https://api.telegram.org/bot8331497512:AAGQsIdxkjHvTyIWZRve6b1qd9IC-L1dqRc/deleteWebhook "HTTP/1.1 200 OK"
2025-08-31 23:51:19,808 - httpx - INFO - HTTP Request: POST https://api.telegram.org/bot8331497512:AAGQsIdxkjHvTyIWZRve6b1qd9IC-L1dqRc/getUpdates "HTTP/1.1 200 OK"
2025-08-31 23:51:20,470 - httpx - INFO - HTTP Request: POST https://api.telegram.org/bot8331497512:AAGQsIdxkjHvTyIWZRve6b1qd9IC-L1dqRc/answerCallbackQuery "HTTP/1.1 200 OK"
2025-08-31 23:51:20,679 - httpx - INFO - HTTP Request: POST https://api.telegram.org/bot8331497512:AAGQsIdxkjHvTyIWZRve6b1qd9IC-L1dqRc/editMessageText "HTTP/1.1 200 OK"
2025-08-31 23:51:24,134 - httpx - INFO - HTTP Request: POST https://api.telegram.org/bot8331497512:AAGQsIdxkjHvTyIWZRve6b1qd9IC-L1dqRc/getUpdates "HTTP/1.1 200 OK"
2025-08-31 23:51:24,373 - httpx - INFO - HTTP Request: POST https://api.telegram.org/bot8331497512:AAGQsIdxkjHvTyIWZRve6b1qd9IC-L1dqRc/sendMessage "HTTP/1.1 200 OK"
2025-08-31 23:51:34,328 - httpx - INFO - HTTP Request: POST https://api.telegram.org/bot8331497512:AAGQsIdxkjHvTyIWZRve6b1qd9IC-L1dqRc/getUpdates "HTTP/1.1 200 OK"
2025-08-31 23:51:40,676 - httpx - INFO - HTTP Request: POST https://api.telegram.org/bot8331497512:AAGQsIdxkjHvTyIWZRve6b1qd9IC-L1dqRc/getUpdates "HTTP/1.1 200 OK"
2025-08-31 23:51:41,391 - httpx - INFO - HTTP Request: POST https://api.telegram.org/bot8331497512:AAGQsIdxkjHvTyIWZRve6b1qd9IC-L1dqRc/answerCallbackQuery "HTTP/1.1 200 OK"
2025-08-31 23:51:41,617 - httpx - INFO - HTTP Request: POST https://api.telegram.org/bot8331497512:AAGQsIdxkjHvTyIWZRve6b1qd9IC-L1dqRc/editMessageText "HTTP/1.1 200 OK"
2025-08-31 23:51:45,823 - httpx - INFO - HTTP Request: POST https://api.telegram.org/bot8331497512:AAGQsIdxkjHvTyIWZRve6b1qd9IC-L1dqRc/getUpdates "HTTP/1.1 200 OK"
2025-08-31 23:51:46,074 - httpx - INFO - HTTP Request: POST https://api.telegram.org/bot8331497512:AAGQsIdxkjHvTyIWZRve6b1qd9IC-L1dqRc/answerCallbackQuery "HTTP/1.1 200 OK"
2025-08-31 23:51:46,328 - httpx - INFO - HTTP Request: POST https://api.telegram.org/bot8331497512:AAGQsIdxkjHvTyIWZRve6b1qd9IC-L1dqRc/editMessageText "HTTP/1.1 200 OK"
2025-08-31 23:51:48,625 - httpx - INFO - HTTP Request: POST https://api.telegram.org/bot8331497512:AAGQsIdxkjHvTyIWZRve6b1qd9IC-L1dqRc/getUpdates "HTTP/1.1 200 OK"
2025-08-31 23:51:48,828 - httpx - INFO - HTTP Request: POST https://api.telegram.org/bot8331497512:AAGQsIdxkjHvTyIWZRve6b1qd9IC-L1dqRc/answerCallbackQuery "HTTP/1.1 200 OK"
2025-08-31 23:51:49,066 - httpx - INFO - HTTP Request: POST https://api.telegram.org/bot8331497512:AAGQsIdxkjHvTyIWZRve6b1qd9IC-L1dqRc/editMessageText "HTTP/1.1 200 OK"
2025-08-31 23:51:58,818 - httpx - INFO - HTTP Request: POST https://api.telegram.org/bot8331497512:AAGQsIdxkjHvTyIWZRve6b1qd9IC-L1dqRc/getUpdates "HTTP/1.1 200 OK"
2025-08-31 23:52:09,010 - httpx - INFO - HTTP Request: POST https://api.telegram.org/bot8331497512:AAGQsIdxkjHvTyIWZRve6b1qd9IC-L1dqRc/getUpdates "HTTP/1.1 200 OK"
2025-08-31 23:52:19,202 - httpx - INFO - HTTP Request: POST https://api.telegram.org/bot8331497512:AAGQsIdxkjHvTyIWZRve6b1qd9IC-L1dqRc/getUpdates "HTTP/1.1 200 OK"
2025-08-31 23:52:29,394 - httpx - INFO - HTTP Request: POST https://api.telegram.org/bot8331497512:AAGQsIdxkjHvTyIWZRve6b1qd9IC-L1dqRc/getUpdates "HTTP/1.1 200 OK"
2025-08-31 23:52:43,118 - httpx - INFO - HTTP Request: POST https://api.telegram.org/bot8331497512:AAGQsIdxkjHvTyIWZRve6b1qd9IC-L1dqRc/getMe "HTTP/1.1 200 OK"
2025-08-31 23:52:43,320 - httpx - INFO - HTTP Request: POST https://api.telegram.org/bot8331497512:AAGQsIdxkjHvTyIWZRve6b1qd9IC-L1dqRc/deleteWebhook "HTTP/1.1 200 OK"
2025-08-31 23:52:52,448 - httpx - INFO - HTTP Request: POST https://api.telegram.org/bot8331497512:AAGQsIdxkjHvTyIWZRve6b1qd9IC-L1dqRc/getUpdates "HTTP/1.1 200 OK"
2025-08-31 23:52:53,205 - httpx - INFO - HTTP Request: POST https://api.telegram.org/bot8331497512:AAGQsIdxkjHvTyIWZRve6b1qd9IC-L1dqRc/sendMessage "HTTP/1.1 200 OK"
2025-08-31 23:52:55,136 - httpx - INFO - HTTP Request: POST https://api.telegram.org/bot8331497512:AAGQsIdxkjHvTyIWZRve6b1qd9IC-L1dqRc/getUpdates "HTTP/1.1 200 OK"
2025-08-31 23:52:55,365 - httpx - INFO - HTTP Request: POST https://api.telegram.org/bot8331497512:AAGQsIdxkjHvTyIWZRve6b1qd9IC-L1dqRc/answerCallbackQuery "HTTP/1.1 200 OK"
2025-08-31 23:52:55,609 - httpx - INFO - HTTP Request: POST https://api.telegram.org/bot8331497512:AAGQsIdxkjHvTyIWZRve6b1qd9IC-L1dqRc/editMessageText "HTTP/1.1 200 OK"
2025-08-31 23:53:00,708 - httpx - INFO - HTTP Request: POST https://api.telegram.org/bot8331497512:AAGQsIdxkjHvTyIWZRve6b1qd9IC-L1dqRc/getUpdates "HTTP/1.1 200 OK"
2025-08-31 23:53:01,414 - httpx - INFO - HTTP Request: POST https://api.telegram.org/bot8331497512:AAGQsIdxkjHvTyIWZRve6b1qd9IC-L1dqRc/answerCallbackQuery "HTTP/1.1 200 OK"
2025-08-31 23:53:01,667 - httpx - INFO - HTTP Request: POST https://api.telegram.org/bot8331497512:AAGQsIdxkjHvTyIWZRve6b1qd9IC-L1dqRc/editMessageText "HTTP/1.1 200 OK"
2025-08-31 23:53:03,754 - httpx - INFO - HTTP Request: POST https://api.telegram.org/bot8331497512:AAGQsIdxkjHvTyIWZRve6b1qd9IC-L1dqRc/getUpdates "HTTP/1.1 200 OK"
2025-08-31 23:53:03,952 - httpx - INFO - HTTP Request: POST https://api.telegram.org/bot8331497512:AAGQsIdxkjHvTyIWZRve6b1qd9IC-L1dqRc/answerCallbackQuery "HTTP/1.1 200 OK"
2025-08-31 23:53:04,175 - httpx - INFO - HTTP Request: POST https://api.telegram.org/bot8331497512:AAGQsIdxkjHvTyIWZRve6b1qd9IC-L1dqRc/editMessageText "HTTP/1.1 200 OK"
2025-08-31 23:53:06,903 - httpx - INFO - HTTP Request: POST https://api.telegram.org/bot8331497512:AAGQsIdxkjHvTyIWZRve6b1qd9IC-L1dqRc/getUpdates "HTTP/1.1 200 OK"
2025-08-31 23:53:07,143 - httpx - INFO - HTTP Request: POST https://api.telegram.org/bot8331497512:AAGQsIdxkjHvTyIWZRve6b1qd9IC-L1dqRc/answerCallbackQuery "HTTP/1.1 200 OK"
2025-08-31 23:53:07,394 - httpx - INFO - HTTP Request: POST https://api.telegram.org/bot8331497512:AAGQsIdxkjHvTyIWZRve6b1qd9IC-L1dqRc/editMessageText "HTTP/1.1 200 OK"
2025-08-31 23:53:11,523 - httpx - INFO - HTTP Request: POST https://api.telegram.org/bot8331497512:AAGQsIdxkjHvTyIWZRve6b1qd9IC-L1dqRc/getUpdates "HTTP/1.1 200 OK"
2025-08-31 23:53:11,794 - httpx - INFO - HTTP Request: POST https://api.telegram.org/bot8331497512:AAGQsIdxkjHvTyIWZRve6b1qd9IC-L1dqRc/answerCallbackQuery "HTTP/1.1 200 OK"
2025-08-31 23:53:12,110 - httpx - INFO - HTTP Request: POST https://api.telegram.org/bot8331497512:AAGQsIdxkjHvTyIWZRve6b1qd9IC-L1dqRc/editMessageText "HTTP/1.1 200 OK"
2025-08-31 23:53:15,609 - httpx - INFO - HTTP Request: POST https://api.telegram.org/bot8331497512:AAGQsIdxkjHvTyIWZRve6b1qd9IC-L1dqRc/getUpdates "HTTP/1.1 200 OK"
2025-08-31 23:53:15,811 - httpx - INFO - HTTP Request: POST https://api.telegram.org/bot8331497512:AAGQsIdxkjHvTyIWZRve6b1qd9IC-L1dqRc/answerCallbackQuery "HTTP/1.1 200 OK"
2025-08-31 23:53:16,131 - httpx - INFO - HTTP Request: POST https://api.telegram.org/bot8331497512:AAGQsIdxkjHvTyIWZRve6b1qd9IC-L1dqRc/editMessageText "HTTP/1.1 200 OK"
2025-08-31 23:53:25,798 - httpx - INFO - HTTP Request: POST https://api.telegram.org/bot8331497512:AAGQsIdxkjHvTyIWZRve6b1qd9IC-L1dqRc/getUpdates "HTTP/1.1 200 OK"
2025-08-31 23:53:35,986 - httpx - INFO - HTTP Request: POST https://api.telegram.org/bot8331497512:AAGQsIdxkjHvTyIWZRve6b1qd9IC-L1dqRc/getUpdates "HTTP/1.1 200 OK"
2025-08-31 23:53:46,176 - httpx - INFO - HTTP Request: POST https://api.telegram.org/bot8331497512:AAGQsIdxkjHvTyIWZRve6b1qd9IC-L1dqRc/getUpdates "HTTP/1.1 200 OK"
2025-08-31 23:53:56,364 - httpx - INFO - HTTP Request: POST https://api.telegram.org/bot8331497512:AAGQsIdxkjHvTyIWZRve6b1qd9IC-L1dqRc/getUpdates "HTTP/1.1 200 OK"
2025-08-31 23:54:06,551 - httpx - INFO - HTTP Request: POST https://api.telegram.org/bot8331497512:AAGQsIdxkjHvTyIWZRve6b1qd9IC-L1dqRc/getUpdates "HTTP/1.1 200 OK"
2025-08-31 23:54:16,739 - httpx - INFO - HTTP Request: POST https://api.telegram.org/bot8331497512:AAGQsIdxkjHvTyIWZRve6b1qd9IC-L1dqRc/getUpdates "HTTP/1.1 200 OK"
2025-08-31 23:54:26,926 - httpx - INFO - HTTP Request: POST https://api.telegram.org/bot8331497512:AAGQsIdxkjHvTyIWZRve6b1qd9IC-L1dqRc/getUpdates "HTTP/1.1 200 OK"
2025-08-31 23:54:36,558 - httpx - INFO - HTTP Request: POST https://api.telegram.org/bot8331497512:AAGQsIdxkjHvTyIWZRve6b1qd9IC-L1dqRc/getMe "HTTP/1.1 200 OK"
2025-08-31 23:54:36,754 - httpx - INFO - HTTP Request: POST https://api.telegram.org/bot8331497512:AAGQsIdxkjHvTyIWZRve6b1qd9IC-L1dqRc/deleteWebhook "HTTP/1.1 200 OK"
2025-08-31 23:54:47,525 - httpx - INFO - HTTP Request: POST https://api.telegram.org/bot8331497512:AAGQsIdxkjHvTyIWZRve6b1qd9IC-L1dqRc/getUpdates "HTTP/1.1 200 OK"
2025-08-31 23:54:54,812 - httpx - INFO - HTTP Request: POST https://api.telegram.org/bot8331497512:AAGQsIdxkjHvTyIWZRve6b1qd9IC-L1dqRc/getUpdates "HTTP/1.1 200 OK"
2025-08-31 23:54:55,514 - httpx - INFO - HTTP Request: POST https://api.telegram.org/bot8331497512:AAGQsIdxkjHvTyIWZRve6b1qd9IC-L1dqRc/sendMessage "HTTP/1.1 200 OK"
2025-08-31 23:55:00,614 - httpx - INFO - HTTP Request: POST https://api.telegram.org/bot8331497512:AAGQsIdxkjHvTyIWZRve6b1qd9IC-L1dqRc/getUpdates "HTTP/1.1 200 OK"
2025-08-31 23:55:01,362 - httpx - INFO - HTTP Request: POST https://api.telegram.org/bot8331497512:AAGQsIdxkjHvTyIWZRve6b1qd9IC-L1dqRc/sendMessage "HTTP/1.1 200 OK"
2025-08-31 23:55:10,033 - httpx - INFO - HTTP Request: POST https://api.telegram.org/bot8331497512:AAGQsIdxkjHvTyIWZRve6b1qd9IC-L1dqRc/getUpdates "HTTP/1.1 200 OK"
2025-08-31 23:55:10,807 - httpx - INFO - HTTP Request: POST https://api.telegram.org/bot8331497512:AAGQsIdxkjHvTyIWZRve6b1qd9IC-L1dqRc/sendMessage "HTTP/1.1 200 OK"
2025-08-31 23:55:17,535 - httpx - INFO - HTTP Request: POST https://api.telegram.org/bot8331497512:AAGQsIdxkjHvTyIWZRve6b1qd9IC-L1dqRc/getUpdates "HTTP/1.1 200 OK"
2025-08-31 23:55:18,212 - httpx - INFO - HTTP Request: POST https://api.telegram.org/bot8331497512:AAGQsIdxkjHvTyIWZRve6b1qd9IC-L1dqRc/answerCallbackQuery "HTTP/1.1 200 OK"
2025-08-31 23:55:18,420 - httpx - INFO - HTTP Request: POST https://api.telegram.org/bot8331497512:AAGQsIdxkjHvTyIWZRve6b1qd9IC-L1dqRc/editMessageText "HTTP/1.1 200 OK"
2025-08-31 23:55:27,746 - httpx - INFO - HTTP Request: POST https://api.telegram.org/bot8331497512:AAGQsIdxkjHvTyIWZRve6b1qd9IC-L1dqRc/getUpdates "HTTP/1.1 200 OK"
2025-08-31 23:55:29,341 - httpx - INFO - HTTP Request: POST https://api.telegram.org/bot8331497512:AAGQsIdxkjHvTyIWZRve6b1qd9IC-L1dqRc/getUpdates "HTTP/1.1 200 OK"
2025-08-31 23:55:30,022 - httpx - INFO - HTTP Request: POST https://api.telegram.org/bot8331497512:AAGQsIdxkjHvTyIWZRve6b1qd9IC-L1dqRc/answerCallbackQuery "HTTP/1.1 200 OK"
2025-08-31 23:55:30,245 - httpx - INFO - HTTP Request: POST https://api.telegram.org/bot8331497512:AAGQsIdxkjHvTyIWZRve6b1qd9IC-L1dqRc/editMessageText "HTTP/1.1 200 OK"
2025-08-31 23:55:31,841 - httpx - INFO - HTTP Request: POST https://api.telegram.org/bot8331497512:AAGQsIdxkjHvTyIWZRve6b1qd9IC-L1dqRc/getUpdates "HTTP/1.1 200 OK"
2025-08-31 23:55:32,037 - httpx - INFO - HTTP Request: POST https://api.telegram.org/bot8331497512:AAGQsIdxkjHvTyIWZRve6b1qd9IC-L1dqRc/answerCallbackQuery "HTTP/1.1 200 OK"
2025-08-31 23:55:32,252 - httpx - INFO - HTTP Request: POST https://api.telegram.org/bot8331497512:AAGQsIdxkjHvTyIWZRve6b1qd9IC-L1dqRc/editMessageText "HTTP/1.1 200 OK"
2025-08-31 23:55:33,933 - httpx - INFO - HTTP Request: POST https://api.telegram.org/bot8331497512:AAGQsIdxkjHvTyIWZRve6b1qd9IC-L1dqRc/getUpdates "HTTP/1.1 200 OK"
2025-08-31 23:55:34,129 - httpx - INFO - HTTP Request: POST https://api.telegram.org/bot8331497512:AAGQsIdxkjHvTyIWZRve6b1qd9IC-L1dqRc/answerCallbackQuery "HTTP/1.1 200 OK"
2025-08-31 23:55:34,365 - httpx - INFO - HTTP Request: POST https://api.telegram.org/bot8331497512:AAGQsIdxkjHvTyIWZRve6b1qd9IC-L1dqRc/editMessageText "HTTP/1.1 200 OK"
2025-08-31 23:55:35,469 - httpx - INFO - HTTP Request: POST https://api.telegram.org/bot8331497512:AAGQsIdxkjHvTyIWZRve6b1qd9IC-L1dqRc/getUpdates "HTTP/1.1 200 OK"
2025-08-31 23:55:35,786 - httpx - INFO - HTTP Request: POST https://api.telegram.org/bot8331497512:AAGQsIdxkjHvTyIWZRve6b1qd9IC-L1dqRc/answerCallbackQuery "HTTP/1.1 200 OK"
2025-08-31 23:55:36,087 - httpx - INFO - HTTP Request: POST https://api.telegram.org/bot8331497512:AAGQsIdxkjHvTyIWZRve6b1qd9IC-L1dqRc/editMessageText "HTTP/1.1 200 OK"
2025-08-31 23:55:44,288 - httpx - INFO - HTTP Request: POST https://api.telegram.org/bot8331497512:AAGQsIdxkjHvTyIWZRve6b1qd9IC-L1dqRc/getUpdates "HTTP/1.1 200 OK"
2025-08-31 23:55:44,956 - httpx - INFO - HTTP Request: POST https://api.telegram.org/bot8331497512:AAGQsIdxkjHvTyIWZRve6b1qd9IC-L1dqRc/answerCallbackQuery "HTTP/1.1 200 OK"
2025-08-31 23:55:45,178 - httpx - INFO - HTTP Request: POST https://api.telegram.org/bot8331497512:AAGQsIdxkjHvTyIWZRve6b1qd9IC-L1dqRc/editMessageText "HTTP/1.1 200 OK"
2025-08-31 23:55:47,795 - httpx - INFO - HTTP Request: POST https://api.telegram.org/bot8331497512:AAGQsIdxkjHvTyIWZRve6b1qd9IC-L1dqRc/getUpdates "HTTP/1.1 200 OK"
2025-08-31 23:55:47,986 - httpx - INFO - HTTP Request: POST https://api.telegram.org/bot8331497512:AAGQsIdxkjHvTyIWZRve6b1qd9IC-L1dqRc/answerCallbackQuery "HTTP/1.1 200 OK"
2025-08-31 23:55:48,202 - httpx - INFO - HTTP Request: POST https://api.telegram.org/bot8331497512:AAGQsIdxkjHvTyIWZRve6b1qd9IC-L1dqRc/editMessageText "HTTP/1.1 200 OK"
2025-08-31 23:55:51,404 - httpx - INFO - HTTP Request: POST https://api.telegram.org/bot8331497512:AAGQsIdxkjHvTyIWZRve6b1qd9IC-L1dqRc/getUpdates "HTTP/1.1 200 OK"
2025-08-31 23:55:51,636 - httpx - INFO - HTTP Request: POST https://api.telegram.org/bot8331497512:AAGQsIdxkjHvTyIWZRve6b1qd9IC-L1dqRc/sendMessage "HTTP/1.1 200 OK"
2025-08-31 23:56:01,618 - httpx - INFO - HTTP Request: POST https://api.telegram.org/bot8331497512:AAGQsIdxkjHvTyIWZRve6b1qd9IC-L1dqRc/getUpdates "HTTP/1.1 200 OK"
2025-08-31 23:56:11,843 - httpx - INFO - HTTP Request: POST https://api.telegram.org/bot8331497512:AAGQsIdxkjHvTyIWZRve6b1qd9IC-L1dqRc/getUpdates "HTTP/1.1 200 OK"
2025-08-31 23:56:22,060 - httpx - INFO - HTTP Request: POST https://api.telegram.org/bot8331497512:AAGQsIdxkjHvTyIWZRve6b1qd9IC-L1dqRc/getUpdates "HTTP/1.1 200 OK"
2025-08-31 23:56:32,271 - httpx - INFO - HTTP Request: POST https://api.telegram.org/bot8331497512:AAGQsIdxkjHvTyIWZRve6b1qd9IC-L1dqRc/getUpdates "HTTP/1.1 200 OK"
2025-08-31 23:56:49,799 - httpx - INFO - HTTP Request: POST https://api.telegram.org/bot8331497512:AAGQsIdxkjHvTyIWZRve6b1qd9IC-L1dqRc/getMe "HTTP/1.1 200 OK"
2025-08-31 23:56:49,985 - httpx - INFO - HTTP Request: POST https://api.telegram.org/bot8331497512:AAGQsIdxkjHvTyIWZRve6b1qd9IC-L1dqRc/deleteWebhook "HTTP/1.1 200 OK"
2025-08-31 23:57:00,680 - httpx - INFO - HTTP Request: POST https://api.telegram.org/bot8331497512:AAGQsIdxkjHvTyIWZRve6b1qd9IC-L1dqRc/getUpdates "HTTP/1.1 200 OK"
2025-08-31 23:57:10,871 - httpx - INFO - HTTP Request: POST https://api.telegram.org/bot8331497512:AAGQsIdxkjHvTyIWZRve6b1qd9IC-L1dqRc/getUpdates "HTTP/1.1 200 OK"
2025-08-31 23:57:21,062 - httpx - INFO - HTTP Request: POST https://api.telegram.org/bot8331497512:AAGQsIdxkjHvTyIWZRve6b1qd9IC-L1dqRc/getUpdates "HTTP/1.1 200 OK"
2025-08-31 23:57:22,331 - httpx - INFO - HTTP Request: POST https://api.telegram.org/bot8331497512:AAGQsIdxkjHvTyIWZRve6b1qd9IC-L1dqRc/getUpdates "HTTP/1.1 200 OK"
2025-08-31 23:57:23,112 - httpx - INFO - HTTP Request: POST https://api.telegram.org/bot8331497512:AAGQsIdxkjHvTyIWZRve6b1qd9IC-L1dqRc/sendMessage "HTTP/1.1 200 OK"
2025-08-31 23:57:30,626 - httpx - INFO - HTTP Request: POST https://api.telegram.org/bot8331497512:AAGQsIdxkjHvTyIWZRve6b1qd9IC-L1dqRc/getUpdates "HTTP/1.1 200 OK"
2025-08-31 23:57:31,434 - httpx - INFO - HTTP Request: POST https://api.telegram.org/bot8331497512:AAGQsIdxkjHvTyIWZRve6b1qd9IC-L1dqRc/sendMessage "HTTP/1.1 200 OK"
2025-08-31 23:57:40,816 - httpx - INFO - HTTP Request: POST https://api.telegram.org/bot8331497512:AAGQsIdxkjHvTyIWZRve6b1qd9IC-L1dqRc/getUpdates "HTTP/1.1 200 OK"
2025-08-31 23:57:51,024 - httpx - INFO - HTTP Request: POST https://api.telegram.org/bot8331497512:AAGQsIdxkjHvTyIWZRve6b1qd9IC-L1dqRc/getUpdates "HTTP/1.1 200 OK"
2025-08-31 23:58:01,222 - httpx - INFO - HTTP Request: POST https://api.telegram.org/bot8331497512:AAGQsIdxkjHvTyIWZRve6b1qd9IC-L1dqRc/getUpdates "HTTP/1.1 200 OK"
2025-08-31 23:58:11,411 - httpx - INFO - HTTP Request: POST https://api.telegram.org/bot8331497512:AAGQsIdxkjHvTyIWZRve6b1qd9IC-L1dqRc/getUpdates "HTTP/1.1 200 OK"
2025-08-31 23:58:21,600 - httpx - INFO - HTTP Request: POST https://api.telegram.org/bot8331497512:AAGQsIdxkjHvTyIWZRve6b1qd9IC-L1dqRc/getUpdates "HTTP/1.1 200 OK"
2025-08-31 23:58:31,793 - httpx - INFO - HTTP Request: POST https://api.telegram.org/bot8331497512:AAGQsIdxkjHvTyIWZRve6b1qd9IC-L1dqRc/getUpdates "HTTP/1.1 200 OK"
2025-08-31 23:58:41,983 - httpx - INFO - HTTP Request: POST https://api.telegram.org/bot8331497512:AAGQsIdxkjHvTyIWZRve6b1qd9IC-L1dqRc/getUpdates "HTTP/1.1 200 OK"
2025-08-31 23:58:52,173 - httpx - INFO - HTTP Request: POST https://api.telegram.org/bot8331497512:AAGQsIdxkjHvTyIWZRve6b1qd9IC-L1dqRc/getUpdates "HTTP/1.1 200 OK"
2025-08-31 23:59:02,362 - httpx - INFO - HTTP Request: POST https://api.telegram.org/bot8331497512:AAGQsIdxkjHvTyIWZRve6b1qd9IC-L1dqRc/getUpdates "HTTP/1.1 200 OK"
2025-08-31 23:59:12,558 - httpx - INFO - HTTP Request: POST https://api.telegram.org/bot8331497512:AAGQsIdxkjHvTyIWZRve6b1qd9IC-L1dqRc/getUpdates "HTTP/1.1 200 OK"
2025-08-31 23:59:13,279 - httpx - INFO - HTTP Request: POST https://api.telegram.org/bot8331497512:AAGQsIdxkjHvTyIWZRve6b1qd9IC-L1dqRc/getUpdates "HTTP/1.1 200 OK"
2025-08-31 23:59:14,009 - httpx - INFO - HTTP Request: POST https://api.telegram.org/bot8331497512:AAGQsIdxkjHvTyIWZRve6b1qd9IC-L1dqRc/sendMessage "HTTP/1.1 200 OK"
2025-08-31 23:59:23,471 - httpx - INFO - HTTP Request: POST https://api.telegram.org/bot8331497512:AAGQsIdxkjHvTyIWZRve6b1qd9IC-L1dqRc/getUpdates "HTTP/1.1 200 OK"
2025-08-31 23:59:33,665 - httpx - INFO - HTTP Request: POST https://api.telegram.org/bot8331497512:AAGQsIdxkjHvTyIWZRve6b1qd9IC-L1dqRc/getUpdates "HTTP/1.1 200 OK"
2025-08-31 23:59:43,856 - httpx - INFO - HTTP Request: POST https://api.telegram.org/bot8331497512:AAGQsIdxkjHvTyIWZRve6b1qd9IC-L1dqRc/getUpdates "HTTP/1.1 200 OK"
2025-08-31 23:59:54,048 - httpx - INFO - HTTP Request: POST https://api.telegram.org/bot8331497512:AAGQsIdxkjHvTyIWZRve6b1qd9IC-L1dqRc/getUpdates "HTTP/1.1 200 OK"
2025-09-01 00:00:04,238 - httpx - INFO - HTTP Request: POST https://api.telegram.org/bot8331497512:AAGQsIdxkjHvTyIWZRve6b1qd9IC-L1dqRc/getUpdates "HTTP/1.1 200 OK"
2025-09-01 00:00:14,427 - httpx - INFO - HTTP Request: POST https://api.telegram.org/bot8331497512:AAGQsIdxkjHvTyIWZRve6b1qd9IC-L1dqRc/getUpdates "HTTP/1.1 200 OK"
2025-09-01 00:00:20,426 - httpx - INFO - HTTP Request: POST https://api.telegram.org/bot8331497512:AAGQsIdxkjHvTyIWZRve6b1qd9IC-L1dqRc/getUpdates "HTTP/1.1 200 OK"
2025-09-01 00:00:21,159 - httpx - INFO - HTTP Request: POST https://api.telegram.org/bot8331497512:AAGQsIdxkjHvTyIWZRve6b1qd9IC-L1dqRc/answerCallbackQuery "HTTP/1.1 200 OK"
2025-09-01 00:00:21,395 - httpx - INFO - HTTP Request: POST https://api.telegram.org/bot8331497512:AAGQsIdxkjHvTyIWZRve6b1qd9IC-L1dqRc/editMessageText "HTTP/1.1 200 OK"
2025-09-01 00:00:30,617 - httpx - INFO - HTTP Request: POST https://api.telegram.org/bot8331497512:AAGQsIdxkjHvTyIWZRve6b1qd9IC-L1dqRc/getUpdates "HTTP/1.1 200 OK"
2025-09-01 00:00:40,808 - httpx - INFO - HTTP Request: POST https://api.telegram.org/bot8331497512:AAGQsIdxkjHvTyIWZRve6b1qd9IC-L1dqRc/getUpdates "HTTP/1.1 200 OK"
2025-09-01 00:00:50,998 - httpx - INFO - HTTP Request: POST https://api.telegram.org/bot8331497512:AAGQsIdxkjHvTyIWZRve6b1qd9IC-L1dqRc/getUpdates "HTTP/1.1 200 OK"
2025-09-01 00:01:01,189 - httpx - INFO - HTTP Request: POST https://api.telegram.org/bot8331497512:AAGQsIdxkjHvTyIWZRve6b1qd9IC-L1dqRc/getUpdates "HTTP/1.1 200 OK"
2025-09-01 00:01:11,379 - httpx - INFO - HTTP Request: POST https://api.telegram.org/bot8331497512:AAGQsIdxkjHvTyIWZRve6b1qd9IC-L1dqRc/getUpdates "HTTP/1.1 200 OK"
2025-09-01 00:01:18,972 - httpx - INFO - HTTP Request: POST https://api.telegram.org/bot8331497512:AAGQsIdxkjHvTyIWZRve6b1qd9IC-L1dqRc/getUpdates "HTTP/1.1 200 OK"
2025-09-01 00:01:19,743 - httpx - INFO - HTTP Request: POST https://api.telegram.org/bot8331497512:AAGQsIdxkjHvTyIWZRve6b1qd9IC-L1dqRc/answerCallbackQuery "HTTP/1.1 200 OK"
2025-09-01 00:01:20,044 - httpx - INFO - HTTP Request: POST https://api.telegram.org/bot8331497512:AAGQsIdxkjHvTyIWZRve6b1qd9IC-L1dqRc/editMessageText "HTTP/1.1 200 OK"
2025-09-01 00:01:24,626 - httpx - INFO - HTTP Request: POST https://api.telegram.org/bot8331497512:AAGQsIdxkjHvTyIWZRve6b1qd9IC-L1dqRc/getUpdates "HTTP/1.1 200 OK"
2025-09-01 00:01:24,829 - httpx - INFO - HTTP Request: POST https://api.telegram.org/bot8331497512:AAGQsIdxkjHvTyIWZRve6b1qd9IC-L1dqRc/answerCallbackQuery "HTTP/1.1 200 OK"
2025-09-01 00:01:25,038 - httpx - INFO - HTTP Request: POST https://api.telegram.org/bot8331497512:AAGQsIdxkjHvTyIWZRve6b1qd9IC-L1dqRc/editMessageText "HTTP/1.1 200 OK"
2025-09-01 00:01:34,818 - httpx - INFO - HTTP Request: POST https://api.telegram.org/bot8331497512:AAGQsIdxkjHvTyIWZRve6b1qd9IC-L1dqRc/getUpdates "HTTP/1.1 200 OK"
2025-09-01 00:01:45,021 - httpx - INFO - HTTP Request: POST https://api.telegram.org/bot8331497512:AAGQsIdxkjHvTyIWZRve6b1qd9IC-L1dqRc/getUpdates "HTTP/1.1 200 OK"
2025-09-01 00:01:46,113 - httpx - INFO - HTTP Request: POST https://api.telegram.org/bot8331497512:AAGQsIdxkjHvTyIWZRve6b1qd9IC-L1dqRc/getUpdates "HTTP/1.1 200 OK"
2025-09-01 00:01:46,922 - httpx - INFO - HTTP Request: POST https://api.telegram.org/bot8331497512:AAGQsIdxkjHvTyIWZRve6b1qd9IC-L1dqRc/answerCallbackQuery "HTTP/1.1 200 OK"
2025-09-01 00:01:47,186 - httpx - INFO - HTTP Request: POST https://api.telegram.org/bot8331497512:AAGQsIdxkjHvTyIWZRve6b1qd9IC-L1dqRc/editMessageText "HTTP/1.1 200 OK"
2025-09-01 00:01:56,303 - httpx - INFO - HTTP Request: POST https://api.telegram.org/bot8331497512:AAGQsIdxkjHvTyIWZRve6b1qd9IC-L1dqRc/getUpdates "HTTP/1.1 200 OK"
2025-09-01 00:03:42,011 - httpx - INFO - HTTP Request: POST https://api.telegram.org/bot8331497512:AAGQsIdxkjHvTyIWZRve6b1qd9IC-L1dqRc/getMe "HTTP/1.1 200 OK"
2025-09-01 00:03:42,199 - httpx - INFO - HTTP Request: POST https://api.telegram.org/bot8331497512:AAGQsIdxkjHvTyIWZRve6b1qd9IC-L1dqRc/deleteWebhook "HTTP/1.1 200 OK"
2025-09-01 00:03:42,863 - httpx - INFO - HTTP Request: POST https://api.telegram.org/bot8331497512:AAGQsIdxkjHvTyIWZRve6b1qd9IC-L1dqRc/getUpdates "HTTP/1.1 200 OK"
2025-09-01 00:03:43,066 - httpx - INFO - HTTP Request: POST https://api.telegram.org/bot8331497512:AAGQsIdxkjHvTyIWZRve6b1qd9IC-L1dqRc/answerCallbackQuery "HTTP/1.1 400 Bad Request"
2025-09-01 00:03:53,052 - httpx - INFO - HTTP Request: POST https://api.telegram.org/bot8331497512:AAGQsIdxkjHvTyIWZRve6b1qd9IC-L1dqRc/getUpdates "HTTP/1.1 200 OK"
2025-09-01 00:04:03,238 - httpx - INFO - HTTP Request: POST https://api.telegram.org/bot8331497512:AAGQsIdxkjHvTyIWZRve6b1qd9IC-L1dqRc/getUpdates "HTTP/1.1 200 OK"
2025-09-01 00:04:03,790 - httpx - INFO - HTTP Request: POST https://api.telegram.org/bot8331497512:AAGQsIdxkjHvTyIWZRve6b1qd9IC-L1dqRc/getUpdates "HTTP/1.1 200 OK"
2025-09-01 00:04:04,549 - httpx - INFO - HTTP Request: POST https://api.telegram.org/bot8331497512:AAGQsIdxkjHvTyIWZRve6b1qd9IC-L1dqRc/sendMessage "HTTP/1.1 200 OK"
2025-09-01 00:04:06,266 - httpx - INFO - HTTP Request: POST https://api.telegram.org/bot8331497512:AAGQsIdxkjHvTyIWZRve6b1qd9IC-L1dqRc/getUpdates "HTTP/1.1 200 OK"
2025-09-01 00:04:06,512 - httpx - INFO - HTTP Request: POST https://api.telegram.org/bot8331497512:AAGQsIdxkjHvTyIWZRve6b1qd9IC-L1dqRc/sendMessage "HTTP/1.1 200 OK"
2025-09-01 00:04:16,152 - httpx - INFO - HTTP Request: POST https://api.telegram.org/bot8331497512:AAGQsIdxkjHvTyIWZRve6b1qd9IC-L1dqRc/getUpdates "HTTP/1.1 200 OK"
2025-09-01 00:04:16,927 - httpx - INFO - HTTP Request: POST https://api.telegram.org/bot8331497512:AAGQsIdxkjHvTyIWZRve6b1qd9IC-L1dqRc/sendMessage "HTTP/1.1 200 OK"
2025-09-01 00:04:20,779 - httpx - INFO - HTTP Request: POST https://api.telegram.org/bot8331497512:AAGQsIdxkjHvTyIWZRve6b1qd9IC-L1dqRc/getUpdates "HTTP/1.1 200 OK"
2025-09-01 00:04:21,056 - httpx - INFO - HTTP Request: POST https://api.telegram.org/bot8331497512:AAGQsIdxkjHvTyIWZRve6b1qd9IC-L1dqRc/answerCallbackQuery "HTTP/1.1 200 OK"
2025-09-01 00:04:21,305 - httpx - INFO - HTTP Request: POST https://api.telegram.org/bot8331497512:AAGQsIdxkjHvTyIWZRve6b1qd9IC-L1dqRc/editMessageText "HTTP/1.1 200 OK"
2025-09-01 00:04:27,413 - httpx - INFO - HTTP Request: POST https://api.telegram.org/bot8331497512:AAGQsIdxkjHvTyIWZRve6b1qd9IC-L1dqRc/getUpdates "HTTP/1.1 200 OK"
2025-09-01 00:04:28,164 - httpx - INFO - HTTP Request: POST https://api.telegram.org/bot8331497512:AAGQsIdxkjHvTyIWZRve6b1qd9IC-L1dqRc/answerCallbackQuery "HTTP/1.1 200 OK"
2025-09-01 00:04:28,390 - httpx - INFO - HTTP Request: POST https://api.telegram.org/bot8331497512:AAGQsIdxkjHvTyIWZRve6b1qd9IC-L1dqRc/editMessageText "HTTP/1.1 200 OK"
2025-09-01 00:04:30,453 - httpx - INFO - HTTP Request: POST https://api.telegram.org/bot8331497512:AAGQsIdxkjHvTyIWZRve6b1qd9IC-L1dqRc/getUpdates "HTTP/1.1 200 OK"
2025-09-01 00:04:30,668 - httpx - INFO - HTTP Request: POST https://api.telegram.org/bot8331497512:AAGQsIdxkjHvTyIWZRve6b1qd9IC-L1dqRc/answerCallbackQuery "HTTP/1.1 200 OK"
2025-09-01 00:04:30,908 - httpx - INFO - HTTP Request: POST https://api.telegram.org/bot8331497512:AAGQsIdxkjHvTyIWZRve6b1qd9IC-L1dqRc/editMessageText "HTTP/1.1 200 OK"
2025-09-01 00:04:36,803 - httpx - INFO - HTTP Request: POST https://api.telegram.org/bot8331497512:AAGQsIdxkjHvTyIWZRve6b1qd9IC-L1dqRc/getUpdates "HTTP/1.1 200 OK"
2025-09-01 00:04:37,517 - httpx - INFO - HTTP Request: POST https://api.telegram.org/bot8331497512:AAGQsIdxkjHvTyIWZRve6b1qd9IC-L1dqRc/answerCallbackQuery "HTTP/1.1 200 OK"
2025-09-01 00:04:37,733 - httpx - INFO - HTTP Request: POST https://api.telegram.org/bot8331497512:AAGQsIdxkjHvTyIWZRve6b1qd9IC-L1dqRc/editMessageText "HTTP/1.1 200 OK"
2025-09-01 00:04:41,539 - httpx - INFO - HTTP Request: POST https://api.telegram.org/bot8331497512:AAGQsIdxkjHvTyIWZRve6b1qd9IC-L1dqRc/getUpdates "HTTP/1.1 200 OK"
2025-09-01 00:04:41,742 - httpx - INFO - HTTP Request: POST https://api.telegram.org/bot8331497512:AAGQsIdxkjHvTyIWZRve6b1qd9IC-L1dqRc/answerCallbackQuery "HTTP/1.1 200 OK"
2025-09-01 00:04:41,970 - httpx - INFO - HTTP Request: POST https://api.telegram.org/bot8331497512:AAGQsIdxkjHvTyIWZRve6b1qd9IC-L1dqRc/editMessageText "HTTP/1.1 200 OK"
2025-09-01 00:04:43,787 - httpx - INFO - HTTP Request: POST https://api.telegram.org/bot8331497512:AAGQsIdxkjHvTyIWZRve6b1qd9IC-L1dqRc/getUpdates "HTTP/1.1 200 OK"
2025-09-01 00:04:43,991 - httpx - INFO - HTTP Request: POST https://api.telegram.org/bot8331497512:AAGQsIdxkjHvTyIWZRve6b1qd9IC-L1dqRc/answerCallbackQuery "HTTP/1.1 200 OK"
2025-09-01 00:04:44,215 - httpx - INFO - HTTP Request: POST https://api.telegram.org/bot8331497512:AAGQsIdxkjHvTyIWZRve6b1qd9IC-L1dqRc/editMessageText "HTTP/1.1 200 OK"
2025-09-01 00:04:53,978 - httpx - INFO - HTTP Request: POST https://api.telegram.org/bot8331497512:AAGQsIdxkjHvTyIWZRve6b1qd9IC-L1dqRc/getUpdates "HTTP/1.1 200 OK"
2025-09-01 00:05:04,165 - httpx - INFO - HTTP Request: POST https://api.telegram.org/bot8331497512:AAGQsIdxkjHvTyIWZRve6b1qd9IC-L1dqRc/getUpdates "HTTP/1.1 200 OK"
2025-09-01 00:05:14,348 - httpx - INFO - HTTP Request: POST https://api.telegram.org/bot8331497512:AAGQsIdxkjHvTyIWZRve6b1qd9IC-L1dqRc/getUpdates "HTTP/1.1 200 OK"
2025-09-01 00:05:24,534 - httpx - INFO - HTTP Request: POST https://api.telegram.org/bot8331497512:AAGQsIdxkjHvTyIWZRve6b1qd9IC-L1dqRc/getUpdates "HTTP/1.1 200 OK"
2025-09-01 00:05:29,674 - httpx - INFO - HTTP Request: POST https://api.telegram.org/bot8331497512:AAGQsIdxkjHvTyIWZRve6b1qd9IC-L1dqRc/getUpdates "HTTP/1.1 200 OK"
2025-09-01 00:05:30,404 - httpx - INFO - HTTP Request: POST https://api.telegram.org/bot8331497512:AAGQsIdxkjHvTyIWZRve6b1qd9IC-L1dqRc/sendMessage "HTTP/1.1 200 OK"
2025-09-01 00:05:39,860 - httpx - INFO - HTTP Request: POST https://api.telegram.org/bot8331497512:AAGQsIdxkjHvTyIWZRve6b1qd9IC-L1dqRc/getUpdates "HTTP/1.1 200 OK"
2025-09-01 00:05:50,045 - httpx - INFO - HTTP Request: POST https://api.telegram.org/bot8331497512:AAGQsIdxkjHvTyIWZRve6b1qd9IC-L1dqRc/getUpdates "HTTP/1.1 200 OK"
2025-09-01 00:05:53,129 - httpx - INFO - HTTP Request: POST https://api.telegram.org/bot8331497512:AAGQsIdxkjHvTyIWZRve6b1qd9IC-L1dqRc/getUpdates "HTTP/1.1 200 OK"
2025-09-01 00:05:53,821 - httpx - INFO - HTTP Request: POST https://api.telegram.org/bot8331497512:AAGQsIdxkjHvTyIWZRve6b1qd9IC-L1dqRc/sendMessage "HTTP/1.1 200 OK"
2025-09-01 00:06:03,315 - httpx - INFO - HTTP Request: POST https://api.telegram.org/bot8331497512:AAGQsIdxkjHvTyIWZRve6b1qd9IC-L1dqRc/getUpdates "HTTP/1.1 200 OK"
2025-09-01 00:06:13,039 - httpx - INFO - HTTP Request: POST https://api.telegram.org/bot8331497512:AAGQsIdxkjHvTyIWZRve6b1qd9IC-L1dqRc/getUpdates "HTTP/1.1 200 OK"
2025-09-01 00:06:13,750 - httpx - INFO - HTTP Request: POST https://api.telegram.org/bot8331497512:AAGQsIdxkjHvTyIWZRve6b1qd9IC-L1dqRc/sendMessage "HTTP/1.1 200 OK"
2025-09-01 00:06:23,229 - httpx - INFO - HTTP Request: POST https://api.telegram.org/bot8331497512:AAGQsIdxkjHvTyIWZRve6b1qd9IC-L1dqRc/getUpdates "HTTP/1.1 200 OK"
2025-09-01 00:06:33,412 - httpx - INFO - HTTP Request: POST https://api.telegram.org/bot8331497512:AAGQsIdxkjHvTyIWZRve6b1qd9IC-L1dqRc/getUpdates "HTTP/1.1 200 OK"
2025-09-01 00:06:43,595 - httpx - INFO - HTTP Request: POST https://api.telegram.org/bot8331497512:AAGQsIdxkjHvTyIWZRve6b1qd9IC-L1dqRc/getUpdates "HTTP/1.1 200 OK"
2025-09-01 00:06:53,782 - httpx - INFO - HTTP Request: POST https://api.telegram.org/bot8331497512:AAGQsIdxkjHvTyIWZRve6b1qd9IC-L1dqRc/getUpdates "HTTP/1.1 200 OK"
2025-09-01 00:07:03,969 - httpx - INFO - HTTP Request: POST https://api.telegram.org/bot8331497512:AAGQsIdxkjHvTyIWZRve6b1qd9IC-L1dqRc/getUpdates "HTTP/1.1 200 OK"
2025-09-01 00:07:14,155 - httpx - INFO - HTTP Request: POST https://api.telegram.org/bot8331497512:AAGQsIdxkjHvTyIWZRve6b1qd9IC-L1dqRc/getUpdates "HTTP/1.1 200 OK"
2025-09-01 00:07:24,344 - httpx - INFO - HTTP Request: POST https://api.telegram.org/bot8331497512:AAGQsIdxkjHvTyIWZRve6b1qd9IC-L1dqRc/getUpdates "HTTP/1.1 200 OK"
2025-09-01 00:07:34,547 - httpx - INFO - HTTP Request: POST https://api.telegram.org/bot8331497512:AAGQsIdxkjHvTyIWZRve6b1qd9IC-L1dqRc/getUpdates "HTTP/1.1 200 OK"
2025-09-01 00:07:44,736 - httpx - INFO - HTTP Request: POST https://api.telegram.org/bot8331497512:AAGQsIdxkjHvTyIWZRve6b1qd9IC-L1dqRc/getUpdates "HTTP/1.1 200 OK"
2025-09-01 00:07:54,922 - httpx - INFO - HTTP Request: POST https://api.telegram.org/bot8331497512:AAGQsIdxkjHvTyIWZRve6b1qd9IC-L1dqRc/getUpdates "HTTP/1.1 200 OK"
2025-09-01 00:08:05,107 - httpx - INFO - HTTP Request: POST https://api.telegram.org/bot8331497512:AAGQsIdxkjHvTyIWZRve6b1qd9IC-L1dqRc/getUpdates "HTTP/1.1 200 OK"
2025-09-01 00:08:15,291 - httpx - INFO - HTTP Request: POST https://api.telegram.org/bot8331497512:AAGQsIdxkjHvTyIWZRve6b1qd9IC-L1dqRc/getUpdates "HTTP/1.1 200 OK"
2025-09-01 00:08:25,476 - httpx - INFO - HTTP Request: POST https://api.telegram.org/bot8331497512:AAGQsIdxkjHvTyIWZRve6b1qd9IC-L1dqRc/getUpdates "HTTP/1.1 200 OK"
2025-09-01 00:08:35,660 - httpx - INFO - HTTP Request: POST https://api.telegram.org/bot8331497512:AAGQsIdxkjHvTyIWZRve6b1qd9IC-L1dqRc/getUpdates "HTTP/1.1 200 OK"
2025-09-01 00:08:45,843 - httpx - INFO - HTTP Request: POST https://api.telegram.org/bot8331497512:AAGQsIdxkjHvTyIWZRve6b1qd9IC-L1dqRc/getUpdates "HTTP/1.1 200 OK"
2025-09-01 00:08:56,029 - httpx - INFO - HTTP Request: POST https://api.telegram.org/bot8331497512:AAGQsIdxkjHvTyIWZRve6b1qd9IC-L1dqRc/getUpdates "HTTP/1.1 200 OK"
2025-09-01 00:09:06,215 - httpx - INFO - HTTP Request: POST https://api.telegram.org/bot8331497512:AAGQsIdxkjHvTyIWZRve6b1qd9IC-L1dqRc/getUpdates "HTTP/1.1 200 OK"
2025-09-01 00:09:16,399 - httpx - INFO - HTTP Request: POST https://api.telegram.org/bot8331497512:AAGQsIdxkjHvTyIWZRve6b1qd9IC-L1dqRc/getUpdates "HTTP/1.1 200 OK"
2025-09-01 00:09:26,583 - httpx - INFO - HTTP Request: POST https://api.telegram.org/bot8331497512:AAGQsIdxkjHvTyIWZRve6b1qd9IC-L1dqRc/getUpdates "HTTP/1.1 200 OK"
2025-09-01 00:09:36,767 - httpx - INFO - HTTP Request: POST https://api.telegram.org/bot8331497512:AAGQsIdxkjHvTyIWZRve6b1qd9IC-L1dqRc/getUpdates "HTTP/1.1 200 OK"
2025-09-01 00:09:46,953 - httpx - INFO - HTTP Request: POST https://api.telegram.org/bot8331497512:AAGQsIdxkjHvTyIWZRve6b1qd9IC-L1dqRc/getUpdates "HTTP/1.1 200 OK"
2025-09-01 00:09:57,139 - httpx - INFO - HTTP Request: POST https://api.telegram.org/bot8331497512:AAGQsIdxkjHvTyIWZRve6b1qd9IC-L1dqRc/getUpdates "HTTP/1.1 200 OK"
2025-09-01 00:10:07,323 - httpx - INFO - HTTP Request: POST https://api.telegram.org/bot8331497512:AAGQsIdxkjHvTyIWZRve6b1qd9IC-L1dqRc/getUpdates "HTTP/1.1 200 OK"
2025-09-01 00:10:17,508 - httpx - INFO - HTTP Request: POST https://api.telegram.org/bot8331497512:AAGQsIdxkjHvTyIWZRve6b1qd9IC-L1dqRc/getUpdates "HTTP/1.1 200 OK"
2025-09-01 00:10:27,693 - httpx - INFO - HTTP Request: POST https://api.telegram.org/bot8331497512:AAGQsIdxkjHvTyIWZRve6b1qd9IC-L1dqRc/getUpdates "HTTP/1.1 200 OK"
2025-09-01 00:10:40,979 - httpx - INFO - HTTP Request: POST https://api.telegram.org/bot8331497512:AAGQsIdxkjHvTyIWZRve6b1qd9IC-L1dqRc/getMe "HTTP/1.1 200 OK"
2025-09-01 00:10:41,157 - httpx - INFO - HTTP Request: POST https://api.telegram.org/bot8331497512:AAGQsIdxkjHvTyIWZRve6b1qd9IC-L1dqRc/deleteWebhook "HTTP/1.1 200 OK"
2025-09-01 00:10:51,857 - httpx - INFO - HTTP Request: POST https://api.telegram.org/bot8331497512:AAGQsIdxkjHvTyIWZRve6b1qd9IC-L1dqRc/getUpdates "HTTP/1.1 200 OK"
2025-09-01 00:11:02,051 - httpx - INFO - HTTP Request: POST https://api.telegram.org/bot8331497512:AAGQsIdxkjHvTyIWZRve6b1qd9IC-L1dqRc/getUpdates "HTTP/1.1 200 OK"
2025-09-01 00:11:12,247 - httpx - INFO - HTTP Request: POST https://api.telegram.org/bot8331497512:AAGQsIdxkjHvTyIWZRve6b1qd9IC-L1dqRc/getUpdates "HTTP/1.1 200 OK"
2025-09-01 00:11:22,441 - httpx - INFO - HTTP Request: POST https://api.telegram.org/bot8331497512:AAGQsIdxkjHvTyIWZRve6b1qd9IC-L1dqRc/getUpdates "HTTP/1.1 200 OK"
2025-09-01 00:11:32,636 - httpx - INFO - HTTP Request: POST https://api.telegram.org/bot8331497512:AAGQsIdxkjHvTyIWZRve6b1qd9IC-L1dqRc/getUpdates "HTTP/1.1 200 OK"
2025-09-01 00:11:42,832 - httpx - INFO - HTTP Request: POST https://api.telegram.org/bot8331497512:AAGQsIdxkjHvTyIWZRve6b1qd9IC-L1dqRc/getUpdates "HTTP/1.1 200 OK"
2025-09-01 00:11:53,026 - httpx - INFO - HTTP Request: POST https://api.telegram.org/bot8331497512:AAGQsIdxkjHvTyIWZRve6b1qd9IC-L1dqRc/getUpdates "HTTP/1.1 200 OK"
2025-09-01 00:12:03,220 - httpx - INFO - HTTP Request: POST https://api.telegram.org/bot8331497512:AAGQsIdxkjHvTyIWZRve6b1qd9IC-L1dqRc/getUpdates "HTTP/1.1 200 OK"
2025-09-01 00:12:13,417 - httpx - INFO - HTTP Request: POST https://api.telegram.org/bot8331497512:AAGQsIdxkjHvTyIWZRve6b1qd9IC-L1dqRc/getUpdates "HTTP/1.1 200 OK"
2025-09-01 00:12:23,619 - httpx - INFO - HTTP Request: POST https://api.telegram.org/bot8331497512:AAGQsIdxkjHvTyIWZRve6b1qd9IC-L1dqRc/getUpdates "HTTP/1.1 200 OK"
2025-09-01 00:12:33,812 - httpx - INFO - HTTP Request: POST https://api.telegram.org/bot8331497512:AAGQsIdxkjHvTyIWZRve6b1qd9IC-L1dqRc/getUpdates "HTTP/1.1 200 OK"
2025-09-01 00:12:44,008 - httpx - INFO - HTTP Request: POST https://api.telegram.org/bot8331497512:AAGQsIdxkjHvTyIWZRve6b1qd9IC-L1dqRc/getUpdates "HTTP/1.1 200 OK"
2025-09-01 00:12:54,202 - httpx - INFO - HTTP Request: POST https://api.telegram.org/bot8331497512:AAGQsIdxkjHvTyIWZRve6b1qd9IC-L1dqRc/getUpdates "HTTP/1.1 200 OK"
2025-09-01 00:13:04,396 - httpx - INFO - HTTP Request: POST https://api.telegram.org/bot8331497512:AAGQsIdxkjHvTyIWZRve6b1qd9IC-L1dqRc/getUpdates "HTTP/1.1 200 OK"
2025-09-01 00:13:14,589 - httpx - INFO - HTTP Request: POST https://api.telegram.org/bot8331497512:AAGQsIdxkjHvTyIWZRve6b1qd9IC-L1dqRc/getUpdates "HTTP/1.1 200 OK"
2025-09-01 00:13:24,786 - httpx - INFO - HTTP Request: POST https://api.telegram.org/bot8331497512:AAGQsIdxkjHvTyIWZRve6b1qd9IC-L1dqRc/getUpdates "HTTP/1.1 200 OK"
2025-09-01 00:13:34,980 - httpx - INFO - HTTP Request: POST https://api.telegram.org/bot8331497512:AAGQsIdxkjHvTyIWZRve6b1qd9IC-L1dqRc/getUpdates "HTTP/1.1 200 OK"
2025-09-01 00:13:45,175 - httpx - INFO - HTTP Request: POST https://api.telegram.org/bot8331497512:AAGQsIdxkjHvTyIWZRve6b1qd9IC-L1dqRc/getUpdates "HTTP/1.1 200 OK"
2025-09-01 00:13:55,370 - httpx - INFO - HTTP Request: POST https://api.telegram.org/bot8331497512:AAGQsIdxkjHvTyIWZRve6b1qd9IC-L1dqRc/getUpdates "HTTP/1.1 200 OK"
2025-09-01 00:14:05,564 - httpx - INFO - HTTP Request: POST https://api.telegram.org/bot8331497512:AAGQsIdxkjHvTyIWZRve6b1qd9IC-L1dqRc/getUpdates "HTTP/1.1 200 OK"
2025-09-01 00:14:15,758 - httpx - INFO - HTTP Request: POST https://api.telegram.org/bot8331497512:AAGQsIdxkjHvTyIWZRve6b1qd9IC-L1dqRc/getUpdates "HTTP/1.1 200 OK"
2025-09-01 00:14:25,953 - httpx - INFO - HTTP Request: POST https://api.telegram.org/bot8331497512:AAGQsIdxkjHvTyIWZRve6b1qd9IC-L1dqRc/getUpdates "HTTP/1.1 200 OK"
2025-09-01 00:14:36,149 - httpx - INFO - HTTP Request: POST https://api.telegram.org/bot8331497512:AAGQsIdxkjHvTyIWZRve6b1qd9IC-L1dqRc/getUpdates "HTTP/1.1 200 OK"
2025-09-01 00:14:46,344 - httpx - INFO - HTTP Request: POST https://api.telegram.org/bot8331497512:AAGQsIdxkjHvTyIWZRve6b1qd9IC-L1dqRc/getUpdates "HTTP/1.1 200 OK"
2025-09-01 00:14:56,539 - httpx - INFO - HTTP Request: POST https://api.telegram.org/bot8331497512:AAGQsIdxkjHvTyIWZRve6b1qd9IC-L1dqRc/getUpdates "HTTP/1.1 200 OK"
2025-09-01 00:15:06,736 - httpx - INFO - HTTP Request: POST https://api.telegram.org/bot8331497512:AAGQsIdxkjHvTyIWZRve6b1qd9IC-L1dqRc/getUpdates "HTTP/1.1 200 OK"
2025-09-01 00:15:16,930 - httpx - INFO - HTTP Request: POST https://api.telegram.org/bot8331497512:AAGQsIdxkjHvTyIWZRve6b1qd9IC-L1dqRc/getUpdates "HTTP/1.1 200 OK"
2025-09-01 00:15:27,124 - httpx - INFO - HTTP Request: POST https://api.telegram.org/bot8331497512:AAGQsIdxkjHvTyIWZRve6b1qd9IC-L1dqRc/getUpdates "HTTP/1.1 200 OK"
2025-09-01 00:15:37,324 - httpx - INFO - HTTP Request: POST https://api.telegram.org/bot8331497512:AAGQsIdxkjHvTyIWZRve6b1qd9IC-L1dqRc/getUpdates "HTTP/1.1 200 OK"
2025-09-01 00:15:47,518 - httpx - INFO - HTTP Request: POST https://api.telegram.org/bot8331497512:AAGQsIdxkjHvTyIWZRve6b1qd9IC-L1dqRc/getUpdates "HTTP/1.1 200 OK"
2025-09-01 00:15:57,712 - httpx - INFO - HTTP Request: POST https://api.telegram.org/bot8331497512:AAGQsIdxkjHvTyIWZRve6b1qd9IC-L1dqRc/getUpdates "HTTP/1.1 200 OK"
2025-09-01 00:16:07,908 - httpx - INFO - HTTP Request: POST https://api.telegram.org/bot8331497512:AAGQsIdxkjHvTyIWZRve6b1qd9IC-L1dqRc/getUpdates "HTTP/1.1 200 OK"
2025-09-01 00:16:18,104 - httpx - INFO - HTTP Request: POST https://api.telegram.org/bot8331497512:AAGQsIdxkjHvTyIWZRve6b1qd9IC-L1dqRc/getUpdates "HTTP/1.1 200 OK"
2025-09-01 00:16:28,297 - httpx - INFO - HTTP Request: POST https://api.telegram.org/bot8331497512:AAGQsIdxkjHvTyIWZRve6b1qd9IC-L1dqRc/getUpdates "HTTP/1.1 200 OK"
2025-09-01 00:16:38,499 - httpx - INFO - HTTP Request: POST https://api.telegram.org/bot8331497512:AAGQsIdxkjHvTyIWZRve6b1qd9IC-L1dqRc/getUpdates "HTTP/1.1 200 OK"
2025-09-01 00:16:48,695 - httpx - INFO - HTTP Request: POST https://api.telegram.org/bot8331497512:AAGQsIdxkjHvTyIWZRve6b1qd9IC-L1dqRc/getUpdates "HTTP/1.1 200 OK"
2025-09-01 00:16:58,891 - httpx - INFO - HTTP Request: POST https://api.telegram.org/bot8331497512:AAGQsIdxkjHvTyIWZRve6b1qd9IC-L1dqRc/getUpdates "HTTP/1.1 200 OK"
2025-09-01 00:17:09,088 - httpx - INFO - HTTP Request: POST https://api.telegram.org/bot8331497512:AAGQsIdxkjHvTyIWZRve6b1qd9IC-L1dqRc/getUpdates "HTTP/1.1 200 OK"
2025-09-01 00:17:19,282 - httpx - INFO - HTTP Request: POST https://api.telegram.org/bot8331497512:AAGQsIdxkjHvTyIWZRve6b1qd9IC-L1dqRc/getUpdates "HTTP/1.1 200 OK"
2025-09-01 00:17:29,477 - httpx - INFO - HTTP Request: POST https://api.telegram.org/bot8331497512:AAGQsIdxkjHvTyIWZRve6b1qd9IC-L1dqRc/getUpdates "HTTP/1.1 200 OK"
2025-09-01 00:17:39,672 - httpx - INFO - HTTP Request: POST https://api.telegram.org/bot8331497512:AAGQsIdxkjHvTyIWZRve6b1qd9IC-L1dqRc/getUpdates "HTTP/1.1 200 OK"
2025-09-01 00:17:49,865 - httpx - INFO - HTTP Request: POST https://api.telegram.org/bot8331497512:AAGQsIdxkjHvTyIWZRve6b1qd9IC-L1dqRc/getUpdates "HTTP/1.1 200 OK"
2025-09-01 00:18:00,058 - httpx - INFO - HTTP Request: POST https://api.telegram.org/bot8331497512:AAGQsIdxkjHvTyIWZRve6b1qd9IC-L1dqRc/getUpdates "HTTP/1.1 200 OK"
2025-09-01 00:18:10,252 - httpx - INFO - HTTP Request: POST https://api.telegram.org/bot8331497512:AAGQsIdxkjHvTyIWZRve6b1qd9IC-L1dqRc/getUpdates "HTTP/1.1 200 OK"
2025-09-01 00:18:20,448 - httpx - INFO - HTTP Request: POST https://api.telegram.org/bot8331497512:AAGQsIdxkjHvTyIWZRve6b1qd9IC-L1dqRc/getUpdates "HTTP/1.1 200 OK"
2025-09-01 00:18:30,642 - httpx - INFO - HTTP Request: POST https://api.telegram.org/bot8331497512:AAGQsIdxkjHvTyIWZRve6b1qd9IC-L1dqRc/getUpdates "HTTP/1.1 200 OK"
2025-09-01 00:18:40,836 - httpx - INFO - HTTP Request: POST https://api.telegram.org/bot8331497512:AAGQsIdxkjHvTyIWZRve6b1qd9IC-L1dqRc/getUpdates "HTTP/1.1 200 OK"
2025-09-01 00:18:51,029 - httpx - INFO - HTTP Request: POST https://api.telegram.org/bot8331497512:AAGQsIdxkjHvTyIWZRve6b1qd9IC-L1dqRc/getUpdates "HTTP/1.1 200 OK"
2025-09-01 00:19:01,225 - httpx - INFO - HTTP Request: POST https://api.telegram.org/bot8331497512:AAGQsIdxkjHvTyIWZRve6b1qd9IC-L1dqRc/getUpdates "HTTP/1.1 200 OK"
2025-09-01 00:19:11,418 - httpx - INFO - HTTP Request: POST https://api.telegram.org/bot8331497512:AAGQsIdxkjHvTyIWZRve6b1qd9IC-L1dqRc/getUpdates "HTTP/1.1 200 OK"
2025-09-01 00:19:21,612 - httpx - INFO - HTTP Request: POST https://api.telegram.org/bot8331497512:AAGQsIdxkjHvTyIWZRve6b1qd9IC-L1dqRc/getUpdates "HTTP/1.1 200 OK"
2025-09-01 00:19:31,805 - httpx - INFO - HTTP Request: POST https://api.telegram.org/bot8331497512:AAGQsIdxkjHvTyIWZRve6b1qd9IC-L1dqRc/getUpdates "HTTP/1.1 200 OK"
2025-09-01 00:19:41,998 - httpx - INFO - HTTP Request: POST https://api.telegram.org/bot8331497512:AAGQsIdxkjHvTyIWZRve6b1qd9IC-L1dqRc/getUpdates "HTTP/1.1 200 OK"
2025-09-01 00:19:52,196 - httpx - INFO - HTTP Request: POST https://api.telegram.org/bot8331497512:AAGQsIdxkjHvTyIWZRve6b1qd9IC-L1dqRc/getUpdates "HTTP/1.1 200 OK"
2025-09-01 00:20:02,390 - httpx - INFO - HTTP Request: POST https://api.telegram.org/bot8331497512:AAGQsIdxkjHvTyIWZRve6b1qd9IC-L1dqRc/getUpdates "HTTP/1.1 200 OK"
2025-09-01 00:20:12,584 - httpx - INFO - HTTP Request: POST https://api.telegram.org/bot8331497512:AAGQsIdxkjHvTyIWZRve6b1qd9IC-L1dqRc/getUpdates "HTTP/1.1 200 OK"
2025-09-01 00:20:22,780 - httpx - INFO - HTTP Request: POST https://api.telegram.org/bot8331497512:AAGQsIdxkjHvTyIWZRve6b1qd9IC-L1dqRc/getUpdates "HTTP/1.1 200 OK"
2025-09-01 00:20:32,976 - httpx - INFO - HTTP Request: POST https://api.telegram.org/bot8331497512:AAGQsIdxkjHvTyIWZRve6b1qd9IC-L1dqRc/getUpdates "HTTP/1.1 200 OK"
2025-09-01 00:20:43,170 - httpx - INFO - HTTP Request: POST https://api.telegram.org/bot8331497512:AAGQsIdxkjHvTyIWZRve6b1qd9IC-L1dqRc/getUpdates "HTTP/1.1 200 OK"
2025-09-01 00:20:53,363 - httpx - INFO - HTTP Request: POST https://api.telegram.org/bot8331497512:AAGQsIdxkjHvTyIWZRve6b1qd9IC-L1dqRc/getUpdates "HTTP/1.1 200 OK"
2025-09-01 00:21:03,557 - httpx - INFO - HTTP Request: POST https://api.telegram.org/bot8331497512:AAGQsIdxkjHvTyIWZRve6b1qd9IC-L1dqRc/getUpdates "HTTP/1.1 200 OK"
2025-09-01 00:21:13,750 - httpx - INFO - HTTP Request: POST https://api.telegram.org/bot8331497512:AAGQsIdxkjHvTyIWZRve6b1qd9IC-L1dqRc/getUpdates "HTTP/1.1 200 OK"
2025-09-01 00:21:23,946 - httpx - INFO - HTTP Request: POST https://api.telegram.org/bot8331497512:AAGQsIdxkjHvTyIWZRve6b1qd9IC-L1dqRc/getUpdates "HTTP/1.1 200 OK"
2025-09-01 00:21:34,140 - httpx - INFO - HTTP Request: POST https://api.telegram.org/bot8331497512:AAGQsIdxkjHvTyIWZRve6b1qd9IC-L1dqRc/getUpdates "HTTP/1.1 200 OK"
2025-09-01 00:21:44,334 - httpx - INFO - HTTP Request: POST https://api.telegram.org/bot8331497512:AAGQsIdxkjHvTyIWZRve6b1qd9IC-L1dqRc/getUpdates "HTTP/1.1 200 OK"
2025-09-01 00:21:54,533 - httpx - INFO - HTTP Request: POST https://api.telegram.org/bot8331497512:AAGQsIdxkjHvTyIWZRve6b1qd9IC-L1dqRc/getUpdates "HTTP/1.1 200 OK"
2025-09-01 00:22:04,726 - httpx - INFO - HTTP Request: POST https://api.telegram.org/bot8331497512:AAGQsIdxkjHvTyIWZRve6b1qd9IC-L1dqRc/getUpdates "HTTP/1.1 200 OK"
2025-09-01 00:22:14,918 - httpx - INFO - HTTP Request: POST https://api.telegram.org/bot8331497512:AAGQsIdxkjHvTyIWZRve6b1qd9IC-L1dqRc/getUpdates "HTTP/1.1 200 OK"
2025-09-01 00:22:25,112 - httpx - INFO - HTTP Request: POST https://api.telegram.org/bot8331497512:AAGQsIdxkjHvTyIWZRve6b1qd9IC-L1dqRc/getUpdates "HTTP/1.1 200 OK"
2025-09-01 00:22:35,307 - httpx - INFO - HTTP Request: POST https://api.telegram.org/bot8331497512:AAGQsIdxkjHvTyIWZRve6b1qd9IC-L1dqRc/getUpdates "HTTP/1.1 200 OK"
2025-09-01 00:22:45,500 - httpx - INFO - HTTP Request: POST https://api.telegram.org/bot8331497512:AAGQsIdxkjHvTyIWZRve6b1qd9IC-L1dqRc/getUpdates "HTTP/1.1 200 OK"
2025-09-01 00:22:55,695 - httpx - INFO - HTTP Request: POST https://api.telegram.org/bot8331497512:AAGQsIdxkjHvTyIWZRve6b1qd9IC-L1dqRc/getUpdates "HTTP/1.1 200 OK"
2025-09-01 00:23:05,890 - httpx - INFO - HTTP Request: POST https://api.telegram.org/bot8331497512:AAGQsIdxkjHvTyIWZRve6b1qd9IC-L1dqRc/getUpdates "HTTP/1.1 200 OK"
2025-09-01 00:23:16,085 - httpx - INFO - HTTP Request: POST https://api.telegram.org/bot8331497512:AAGQsIdxkjHvTyIWZRve6b1qd9IC-L1dqRc/getUpdates "HTTP/1.1 200 OK"
2025-09-01 00:23:26,279 - httpx - INFO - HTTP Request: POST https://api.telegram.org/bot8331497512:AAGQsIdxkjHvTyIWZRve6b1qd9IC-L1dqRc/getUpdates "HTTP/1.1 200 OK"
2025-09-01 00:23:36,473 - httpx - INFO - HTTP Request: POST https://api.telegram.org/bot8331497512:AAGQsIdxkjHvTyIWZRve6b1qd9IC-L1dqRc/getUpdates "HTTP/1.1 200 OK"
2025-09-01 00:23:46,666 - httpx - INFO - HTTP Request: POST https://api.telegram.org/bot8331497512:AAGQsIdxkjHvTyIWZRve6b1qd9IC-L1dqRc/getUpdates "HTTP/1.1 200 OK"
2025-09-01 00:23:56,863 - httpx - INFO - HTTP Request: POST https://api.telegram.org/bot8331497512:AAGQsIdxkjHvTyIWZRve6b1qd9IC-L1dqRc/getUpdates "HTTP/1.1 200 OK"
2025-09-01 00:24:07,057 - httpx - INFO - HTTP Request: POST https://api.telegram.org/bot8331497512:AAGQsIdxkjHvTyIWZRve6b1qd9IC-L1dqRc/getUpdates "HTTP/1.1 200 OK"
2025-09-01 00:24:17,250 - httpx - INFO - HTTP Request: POST https://api.telegram.org/bot8331497512:AAGQsIdxkjHvTyIWZRve6b1qd9IC-L1dqRc/getUpdates "HTTP/1.1 200 OK"
2025-09-01 00:24:27,444 - httpx - INFO - HTTP Request: POST https://api.telegram.org/bot8331497512:AAGQsIdxkjHvTyIWZRve6b1qd9IC-L1dqRc/getUpdates "HTTP/1.1 200 OK"
2025-09-01 00:24:37,687 - httpx - INFO - HTTP Request: POST https://api.telegram.org/bot8331497512:AAGQsIdxkjHvTyIWZRve6b1qd9IC-L1dqRc/getUpdates "HTTP/1.1 200 OK"
2025-09-01 00:24:47,881 - httpx - INFO - HTTP Request: POST https://api.telegram.org/bot8331497512:AAGQsIdxkjHvTyIWZRve6b1qd9IC-L1dqRc/getUpdates "HTTP/1.1 200 OK"
2025-09-01 00:24:58,075 - httpx - INFO - HTTP Request: POST https://api.telegram.org/bot8331497512:AAGQsIdxkjHvTyIWZRve6b1qd9IC-L1dqRc/getUpdates "HTTP/1.1 200 OK"
2025-09-01 00:25:08,296 - httpx - INFO - HTTP Request: POST https://api.telegram.org/bot8331497512:AAGQsIdxkjHvTyIWZRve6b1qd9IC-L1dqRc/getUpdates "HTTP/1.1 200 OK"
2025-09-01 00:25:18,490 - httpx - INFO - HTTP Request: POST https://api.telegram.org/bot8331497512:AAGQsIdxkjHvTyIWZRve6b1qd9IC-L1dqRc/getUpdates "HTTP/1.1 200 OK"
2025-09-01 00:25:28,684 - httpx - INFO - HTTP Request: POST https://api.telegram.org/bot8331497512:AAGQsIdxkjHvTyIWZRve6b1qd9IC-L1dqRc/getUpdates "HTTP/1.1 200 OK"
2025-09-01 00:25:38,889 - httpx - INFO - HTTP Request: POST https://api.telegram.org/bot8331497512:AAGQsIdxkjHvTyIWZRve6b1qd9IC-L1dqRc/getUpdates "HTTP/1.1 200 OK"
2025-09-01 00:25:49,084 - httpx - INFO - HTTP Request: POST https://api.telegram.org/bot8331497512:AAGQsIdxkjHvTyIWZRve6b1qd9IC-L1dqRc/getUpdates "HTTP/1.1 200 OK"
2025-09-01 00:25:59,279 - httpx - INFO - HTTP Request: POST https://api.telegram.org/bot8331497512:AAGQsIdxkjHvTyIWZRve6b1qd9IC-L1dqRc/getUpdates "HTTP/1.1 200 OK"
2025-09-01 00:26:09,472 - httpx - INFO - HTTP Request: POST https://api.telegram.org/bot8331497512:AAGQsIdxkjHvTyIWZRve6b1qd9IC-L1dqRc/getUpdates "HTTP/1.1 200 OK"
2025-09-01 00:26:19,669 - httpx - INFO - HTTP Request: POST https://api.telegram.org/bot8331497512:AAGQsIdxkjHvTyIWZRve6b1qd9IC-L1dqRc/getUpdates "HTTP/1.1 200 OK"
2025-09-01 00:26:29,863 - httpx - INFO - HTTP Request: POST https://api.telegram.org/bot8331497512:AAGQsIdxkjHvTyIWZRve6b1qd9IC-L1dqRc/getUpdates "HTTP/1.1 200 OK"
2025-09-01 00:26:40,058 - httpx - INFO - HTTP Request: POST https://api.telegram.org/bot8331497512:AAGQsIdxkjHvTyIWZRve6b1qd9IC-L1dqRc/getUpdates "HTTP/1.1 200 OK"
2025-09-01 00:26:50,251 - httpx - INFO - HTTP Request: POST https://api.telegram.org/bot8331497512:AAGQsIdxkjHvTyIWZRve6b1qd9IC-L1dqRc/getUpdates "HTTP/1.1 200 OK"
2025-09-01 00:27:00,444 - httpx - INFO - HTTP Request: POST https://api.telegram.org/bot8331497512:AAGQsIdxkjHvTyIWZRve6b1qd9IC-L1dqRc/getUpdates "HTTP/1.1 200 OK"
2025-09-01 00:27:10,639 - httpx - INFO - HTTP Request: POST https://api.telegram.org/bot8331497512:AAGQsIdxkjHvTyIWZRve6b1qd9IC-L1dqRc/getUpdates "HTTP/1.1 200 OK"
2025-09-01 00:27:20,832 - httpx - INFO - HTTP Request: POST https://api.telegram.org/bot8331497512:AAGQsIdxkjHvTyIWZRve6b1qd9IC-L1dqRc/getUpdates "HTTP/1.1 200 OK"
2025-09-01 00:27:31,027 - httpx - INFO - HTTP Request: POST https://api.telegram.org/bot8331497512:AAGQsIdxkjHvTyIWZRve6b1qd9IC-L1dqRc/getUpdates "HTTP/1.1 200 OK"
2025-09-01 00:27:41,223 - httpx - INFO - HTTP Request: POST https://api.telegram.org/bot8331497512:AAGQsIdxkjHvTyIWZRve6b1qd9IC-L1dqRc/getUpdates "HTTP/1.1 200 OK"
2025-09-01 00:27:51,874 - httpx - INFO - HTTP Request: POST https://api.telegram.org/bot8331497512:AAGQsIdxkjHvTyIWZRve6b1qd9IC-L1dqRc/getUpdates "HTTP/1.1 200 OK"
2025-09-01 00:28:02,075 - httpx - INFO - HTTP Request: POST https://api.telegram.org/bot8331497512:AAGQsIdxkjHvTyIWZRve6b1qd9IC-L1dqRc/getUpdates "HTTP/1.1 200 OK"
2025-09-01 00:28:12,253 - httpx - INFO - HTTP Request: POST https://api.telegram.org/bot8331497512:AAGQsIdxkjHvTyIWZRve6b1qd9IC-L1dqRc/getUpdates "HTTP/1.1 200 OK"
2025-09-01 00:28:22,435 - httpx - INFO - HTTP Request: POST https://api.telegram.org/bot8331497512:AAGQsIdxkjHvTyIWZRve6b1qd9IC-L1dqRc/getUpdates "HTTP/1.1 200 OK"
2025-09-01 00:28:32,616 - httpx - INFO - HTTP Request: POST https://api.telegram.org/bot8331497512:AAGQsIdxkjHvTyIWZRve6b1qd9IC-L1dqRc/getUpdates "HTTP/1.1 200 OK"
2025-09-01 00:28:42,799 - httpx - INFO - HTTP Request: POST https://api.telegram.org/bot8331497512:AAGQsIdxkjHvTyIWZRve6b1qd9IC-L1dqRc/getUpdates "HTTP/1.1 200 OK"
2025-09-01 00:28:52,982 - httpx - INFO - HTTP Request: POST https://api.telegram.org/bot8331497512:AAGQsIdxkjHvTyIWZRve6b1qd9IC-L1dqRc/getUpdates "HTTP/1.1 200 OK"
2025-09-01 00:29:03,164 - httpx - INFO - HTTP Request: POST https://api.telegram.org/bot8331497512:AAGQsIdxkjHvTyIWZRve6b1qd9IC-L1dqRc/getUpdates "HTTP/1.1 200 OK"
2025-09-01 00:29:13,346 - httpx - INFO - HTTP Request: POST https://api.telegram.org/bot8331497512:AAGQsIdxkjHvTyIWZRve6b1qd9IC-L1dqRc/getUpdates "HTTP/1.1 200 OK"
2025-09-01 00:29:23,527 - httpx - INFO - HTTP Request: POST https://api.telegram.org/bot8331497512:AAGQsIdxkjHvTyIWZRve6b1qd9IC-L1dqRc/getUpdates "HTTP/1.1 200 OK"
2025-09-01 00:29:33,708 - httpx - INFO - HTTP Request: POST https://api.telegram.org/bot8331497512:AAGQsIdxkjHvTyIWZRve6b1qd9IC-L1dqRc/getUpdates "HTTP/1.1 200 OK"
2025-09-01 00:29:43,888 - httpx - INFO - HTTP Request: POST https://api.telegram.org/bot8331497512:AAGQsIdxkjHvTyIWZRve6b1qd9IC-L1dqRc/getUpdates "HTTP/1.1 200 OK"
2025-09-01 00:29:54,070 - httpx - INFO - HTTP Request: POST https://api.telegram.org/bot8331497512:AAGQsIdxkjHvTyIWZRve6b1qd9IC-L1dqRc/getUpdates "HTTP/1.1 200 OK"
2025-09-01 00:30:04,253 - httpx - INFO - HTTP Request: POST https://api.telegram.org/bot8331497512:AAGQsIdxkjHvTyIWZRve6b1qd9IC-L1dqRc/getUpdates "HTTP/1.1 200 OK"
2025-09-01 00:30:14,434 - httpx - INFO - HTTP Request: POST https://api.telegram.org/bot8331497512:AAGQsIdxkjHvTyIWZRve6b1qd9IC-L1dqRc/getUpdates "HTTP/1.1 200 OK"
2025-09-01 00:30:24,615 - httpx - INFO - HTTP Request: POST https://api.telegram.org/bot8331497512:AAGQsIdxkjHvTyIWZRve6b1qd9IC-L1dqRc/getUpdates "HTTP/1.1 200 OK"
2025-09-01 00:30:34,796 - httpx - INFO - HTTP Request: POST https://api.telegram.org/bot8331497512:AAGQsIdxkjHvTyIWZRve6b1qd9IC-L1dqRc/getUpdates "HTTP/1.1 200 OK"
2025-09-01 00:30:44,979 - httpx - INFO - HTTP Request: POST https://api.telegram.org/bot8331497512:AAGQsIdxkjHvTyIWZRve6b1qd9IC-L1dqRc/getUpdates "HTTP/1.1 200 OK"
2025-09-01 00:30:55,163 - httpx - INFO - HTTP Request: POST https://api.telegram.org/bot8331497512:AAGQsIdxkjHvTyIWZRve6b1qd9IC-L1dqRc/getUpdates "HTTP/1.1 200 OK"
2025-09-01 00:31:05,344 - httpx - INFO - HTTP Request: POST https://api.telegram.org/bot8331497512:AAGQsIdxkjHvTyIWZRve6b1qd9IC-L1dqRc/getUpdates "HTTP/1.1 200 OK"
2025-09-01 00:31:15,525 - httpx - INFO - HTTP Request: POST https://api.telegram.org/bot8331497512:AAGQsIdxkjHvTyIWZRve6b1qd9IC-L1dqRc/getUpdates "HTTP/1.1 200 OK"
2025-09-01 00:31:25,706 - httpx - INFO - HTTP Request: POST https://api.telegram.org/bot8331497512:AAGQsIdxkjHvTyIWZRve6b1qd9IC-L1dqRc/getUpdates "HTTP/1.1 200 OK"
2025-09-01 00:31:35,887 - httpx - INFO - HTTP Request: POST https://api.telegram.org/bot8331497512:AAGQsIdxkjHvTyIWZRve6b1qd9IC-L1dqRc/getUpdates "HTTP/1.1 200 OK"
2025-09-01 00:31:46,069 - httpx - INFO - HTTP Request: POST https://api.telegram.org/bot8331497512:AAGQsIdxkjHvTyIWZRve6b1qd9IC-L1dqRc/getUpdates "HTTP/1.1 200 OK"
2025-09-01 00:31:56,251 - httpx - INFO - HTTP Request: POST https://api.telegram.org/bot8331497512:AAGQsIdxkjHvTyIWZRve6b1qd9IC-L1dqRc/getUpdates "HTTP/1.1 200 OK"
2025-09-01 00:32:06,432 - httpx - INFO - HTTP Request: POST https://api.telegram.org/bot8331497512:AAGQsIdxkjHvTyIWZRve6b1qd9IC-L1dqRc/getUpdates "HTTP/1.1 200 OK"
2025-09-01 00:32:16,613 - httpx - INFO - HTTP Request: POST https://api.telegram.org/bot8331497512:AAGQsIdxkjHvTyIWZRve6b1qd9IC-L1dqRc/getUpdates "HTTP/1.1 200 OK"
2025-09-01 00:32:26,793 - httpx - INFO - HTTP Request: POST https://api.telegram.org/bot8331497512:AAGQsIdxkjHvTyIWZRve6b1qd9IC-L1dqRc/getUpdates "HTTP/1.1 200 OK"
2025-09-01 00:32:36,974 - httpx - INFO - HTTP Request: POST https://api.telegram.org/bot8331497512:AAGQsIdxkjHvTyIWZRve6b1qd9IC-L1dqRc/getUpdates "HTTP/1.1 200 OK"
2025-09-01 00:32:47,156 - httpx - INFO - HTTP Request: POST https://api.telegram.org/bot8331497512:AAGQsIdxkjHvTyIWZRve6b1qd9IC-L1dqRc/getUpdates "HTTP/1.1 200 OK"
2025-09-01 00:32:57,337 - httpx - INFO - HTTP Request: POST https://api.telegram.org/bot8331497512:AAGQsIdxkjHvTyIWZRve6b1qd9IC-L1dqRc/getUpdates "HTTP/1.1 200 OK"
2025-09-01 00:33:07,519 - httpx - INFO - HTTP Request: POST https://api.telegram.org/bot8331497512:AAGQsIdxkjHvTyIWZRve6b1qd9IC-L1dqRc/getUpdates "HTTP/1.1 200 OK"
2025-09-01 00:33:17,700 - httpx - INFO - HTTP Request: POST https://api.telegram.org/bot8331497512:AAGQsIdxkjHvTyIWZRve6b1qd9IC-L1dqRc/getUpdates "HTTP/1.1 200 OK"
2025-09-01 00:33:27,880 - httpx - INFO - HTTP Request: POST https://api.telegram.org/bot8331497512:AAGQsIdxkjHvTyIWZRve6b1qd9IC-L1dqRc/getUpdates "HTTP/1.1 200 OK"
2025-09-01 00:33:38,061 - httpx - INFO - HTTP Request: POST https://api.telegram.org/bot8331497512:AAGQsIdxkjHvTyIWZRve6b1qd9IC-L1dqRc/getUpdates "HTTP/1.1 200 OK"
2025-09-01 00:33:48,249 - httpx - INFO - HTTP Request: POST https://api.telegram.org/bot8331497512:AAGQsIdxkjHvTyIWZRve6b1qd9IC-L1dqRc/getUpdates "HTTP/1.1 200 OK"
2025-09-01 00:33:58,431 - httpx - INFO - HTTP Request: POST https://api.telegram.org/bot8331497512:AAGQsIdxkjHvTyIWZRve6b1qd9IC-L1dqRc/getUpdates "HTTP/1.1 200 OK"
2025-09-01 00:34:08,614 - httpx - INFO - HTTP Request: POST https://api.telegram.org/bot8331497512:AAGQsIdxkjHvTyIWZRve6b1qd9IC-L1dqRc/getUpdates "HTTP/1.1 200 OK"
2025-09-01 00:34:18,795 - httpx - INFO - HTTP Request: POST https://api.telegram.org/bot8331497512:AAGQsIdxkjHvTyIWZRve6b1qd9IC-L1dqRc/getUpdates "HTTP/1.1 200 OK"
2025-09-01 00:34:28,975 - httpx - INFO - HTTP Request: POST https://api.telegram.org/bot8331497512:AAGQsIdxkjHvTyIWZRve6b1qd9IC-L1dqRc/getUpdates "HTTP/1.1 200 OK"
2025-09-01 00:34:39,156 - httpx - INFO - HTTP Request: POST https://api.telegram.org/bot8331497512:AAGQsIdxkjHvTyIWZRve6b1qd9IC-L1dqRc/getUpdates "HTTP/1.1 200 OK"
2025-09-01 00:34:49,337 - httpx - INFO - HTTP Request: POST https://api.telegram.org/bot8331497512:AAGQsIdxkjHvTyIWZRve6b1qd9IC-L1dqRc/getUpdates "HTTP/1.1 200 OK"
2025-09-01 00:34:59,517 - httpx - INFO - HTTP Request: POST https://api.telegram.org/bot8331497512:AAGQsIdxkjHvTyIWZRve6b1qd9IC-L1dqRc/getUpdates "HTTP/1.1 200 OK"
2025-09-01 00:35:09,699 - httpx - INFO - HTTP Request: POST https://api.telegram.org/bot8331497512:AAGQsIdxkjHvTyIWZRve6b1qd9IC-L1dqRc/getUpdates "HTTP/1.1 200 OK"
2025-09-01 00:35:19,880 - httpx - INFO - HTTP Request: POST https://api.telegram.org/bot8331497512:AAGQsIdxkjHvTyIWZRve6b1qd9IC-L1dqRc/getUpdates "HTTP/1.1 200 OK"
2025-09-01 00:35:30,063 - httpx - INFO - HTTP Request: POST https://api.telegram.org/bot8331497512:AAGQsIdxkjHvTyIWZRve6b1qd9IC-L1dqRc/getUpdates "HTTP/1.1 200 OK"
2025-09-01 00:35:40,245 - httpx - INFO - HTTP Request: POST https://api.telegram.org/bot8331497512:AAGQsIdxkjHvTyIWZRve6b1qd9IC-L1dqRc/getUpdates "HTTP/1.1 200 OK"
2025-09-01 00:35:50,426 - httpx - INFO - HTTP Request: POST https://api.telegram.org/bot8331497512:AAGQsIdxkjHvTyIWZRve6b1qd9IC-L1dqRc/getUpdates "HTTP/1.1 200 OK"
2025-09-01 00:36:00,607 - httpx - INFO - HTTP Request: POST https://api.telegram.org/bot8331497512:AAGQsIdxkjHvTyIWZRve6b1qd9IC-L1dqRc/getUpdates "HTTP/1.1 200 OK"
2025-09-01 00:36:10,788 - httpx - INFO - HTTP Request: POST https://api.telegram.org/bot8331497512:AAGQsIdxkjHvTyIWZRve6b1qd9IC-L1dqRc/getUpdates "HTTP/1.1 200 OK"
2025-09-01 00:36:20,969 - httpx - INFO - HTTP Request: POST https://api.telegram.org/bot8331497512:AAGQsIdxkjHvTyIWZRve6b1qd9IC-L1dqRc/getUpdates "HTTP/1.1 200 OK"
2025-09-01 00:36:31,151 - httpx - INFO - HTTP Request: POST https://api.telegram.org/bot8331497512:AAGQsIdxkjHvTyIWZRve6b1qd9IC-L1dqRc/getUpdates "HTTP/1.1 200 OK"
2025-09-01 00:36:41,333 - httpx - INFO - HTTP Request: POST https://api.telegram.org/bot8331497512:AAGQsIdxkjHvTyIWZRve6b1qd9IC-L1dqRc/getUpdates "HTTP/1.1 200 OK"
2025-09-01 00:36:51,514 - httpx - INFO - HTTP Request: POST https://api.telegram.org/bot8331497512:AAGQsIdxkjHvTyIWZRve6b1qd9IC-L1dqRc/getUpdates "HTTP/1.1 200 OK"
2025-09-01 00:37:01,694 - httpx - INFO - HTTP Request: POST https://api.telegram.org/bot8331497512:AAGQsIdxkjHvTyIWZRve6b1qd9IC-L1dqRc/getUpdates "HTTP/1.1 200 OK"
2025-09-01 00:37:11,876 - httpx - INFO - HTTP Request: POST https://api.telegram.org/bot8331497512:AAGQsIdxkjHvTyIWZRve6b1qd9IC-L1dqRc/getUpdates "HTTP/1.1 200 OK"
2025-09-01 00:37:22,057 - httpx - INFO - HTTP Request: POST https://api.telegram.org/bot8331497512:AAGQsIdxkjHvTyIWZRve6b1qd9IC-L1dqRc/getUpdates "HTTP/1.1 200 OK"
2025-09-01 00:37:32,239 - httpx - INFO - HTTP Request: POST https://api.telegram.org/bot8331497512:AAGQsIdxkjHvTyIWZRve6b1qd9IC-L1dqRc/getUpdates "HTTP/1.1 200 OK"
2025-09-01 00:37:42,421 - httpx - INFO - HTTP Request: POST https://api.telegram.org/bot8331497512:AAGQsIdxkjHvTyIWZRve6b1qd9IC-L1dqRc/getUpdates "HTTP/1.1 200 OK"
2025-09-01 00:37:52,602 - httpx - INFO - HTTP Request: POST https://api.telegram.org/bot8331497512:AAGQsIdxkjHvTyIWZRve6b1qd9IC-L1dqRc/getUpdates "HTTP/1.1 200 OK"
2025-09-01 00:38:02,783 - httpx - INFO - HTTP Request: POST https://api.telegram.org/bot8331497512:AAGQsIdxkjHvTyIWZRve6b1qd9IC-L1dqRc/getUpdates "HTTP/1.1 200 OK"
2025-09-01 00:38:12,965 - httpx - INFO - HTTP Request: POST https://api.telegram.org/bot8331497512:AAGQsIdxkjHvTyIWZRve6b1qd9IC-L1dqRc/getUpdates "HTTP/1.1 200 OK"
2025-09-01 00:38:23,145 - httpx - INFO - HTTP Request: POST https://api.telegram.org/bot8331497512:AAGQsIdxkjHvTyIWZRve6b1qd9IC-L1dqRc/getUpdates "HTTP/1.1 200 OK"
2025-09-01 00:38:33,325 - httpx - INFO - HTTP Request: POST https://api.telegram.org/bot8331497512:AAGQsIdxkjHvTyIWZRve6b1qd9IC-L1dqRc/getUpdates "HTTP/1.1 200 OK"
2025-09-01 00:38:43,507 - httpx - INFO - HTTP Request: POST https://api.telegram.org/bot8331497512:AAGQsIdxkjHvTyIWZRve6b1qd9IC-L1dqRc/getUpdates "HTTP/1.1 200 OK"
2025-09-01 00:38:53,689 - httpx - INFO - HTTP Request: POST https://api.telegram.org/bot8331497512:AAGQsIdxkjHvTyIWZRve6b1qd9IC-L1dqRc/getUpdates "HTTP/1.1 200 OK"
2025-09-01 00:39:03,870 - httpx - INFO - HTTP Request: POST https://api.telegram.org/bot8331497512:AAGQsIdxkjHvTyIWZRve6b1qd9IC-L1dqRc/getUpdates "HTTP/1.1 200 OK"
2025-09-01 00:39:14,051 - httpx - INFO - HTTP Request: POST https://api.telegram.org/bot8331497512:AAGQsIdxkjHvTyIWZRve6b1qd9IC-L1dqRc/getUpdates "HTTP/1.1 200 OK"
2025-09-01 00:39:24,233 - httpx - INFO - HTTP Request: POST https://api.telegram.org/bot8331497512:AAGQsIdxkjHvTyIWZRve6b1qd9IC-L1dqRc/getUpdates "HTTP/1.1 200 OK"
2025-09-01 00:39:34,413 - httpx - INFO - HTTP Request: POST https://api.telegram.org/bot8331497512:AAGQsIdxkjHvTyIWZRve6b1qd9IC-L1dqRc/getUpdates "HTTP/1.1 200 OK"
2025-09-01 00:39:44,593 - httpx - INFO - HTTP Request: POST https://api.telegram.org/bot8331497512:AAGQsIdxkjHvTyIWZRve6b1qd9IC-L1dqRc/getUpdates "HTTP/1.1 200 OK"
2025-09-01 00:39:54,773 - httpx - INFO - HTTP Request: POST https://api.telegram.org/bot8331497512:AAGQsIdxkjHvTyIWZRve6b1qd9IC-L1dqRc/getUpdates "HTTP/1.1 200 OK"
2025-09-01 00:40:04,959 - httpx - INFO - HTTP Request: POST https://api.telegram.org/bot8331497512:AAGQsIdxkjHvTyIWZRve6b1qd9IC-L1dqRc/getUpdates "HTTP/1.1 200 OK"
2025-09-01 00:40:15,140 - httpx - INFO - HTTP Request: POST https://api.telegram.org/bot8331497512:AAGQsIdxkjHvTyIWZRve6b1qd9IC-L1dqRc/getUpdates "HTTP/1.1 200 OK"
2025-09-01 00:40:25,321 - httpx - INFO - HTTP Request: POST https://api.telegram.org/bot8331497512:AAGQsIdxkjHvTyIWZRve6b1qd9IC-L1dqRc/getUpdates "HTTP/1.1 200 OK"
